<?xml version="1.0" encoding="UTF-8"?>
<coverage generated="1742243456750" clover="3.2.0">
  <project timestamp="1742243456750" name="All files">
    <metrics statements="112" coveredstatements="81" conditionals="46" coveredconditionals="26" methods="22" coveredmethods="15" elements="180" coveredelements="122" complexity="0" loc="112" ncloc="112" packages="1" files="1" classes="1"/>
    <file name="JournalContext.tsx" path="/Users/ccandelora/Sites/native_apps/again/Daily-Glow2/src/contexts/JournalContext.tsx">
      <metrics statements="112" coveredstatements="81" conditionals="46" coveredconditionals="26" methods="22" coveredmethods="15"/>
      <line num="37" count="1" type="stmt"/>
      <line num="40" count="22" type="stmt"/>
      <line num="41" count="22" type="stmt"/>
      <line num="42" count="22" type="stmt"/>
      <line num="43" count="22" type="stmt"/>
      <line num="45" count="22" type="stmt"/>
      <line num="46" count="16" type="cond" truecount="2" falsecount="0"/>
      <line num="47" count="13" type="stmt"/>
      <line num="49" count="3" type="stmt"/>
      <line num="53" count="22" type="stmt"/>
      <line num="54" count="13" type="stmt"/>
      <line num="55" count="13" type="stmt"/>
      <line num="58" count="13" type="stmt"/>
      <line num="63" count="9" type="cond" truecount="2" falsecount="2"/>
      <line num="64" count="0" type="stmt"/>
      <line num="65" count="0" type="stmt"/>
      <line num="66" count="0" type="stmt"/>
      <line num="69" count="9" type="stmt"/>
      <line num="75" count="5" type="cond" truecount="1" falsecount="1"/>
      <line num="76" count="0" type="stmt"/>
      <line num="77" count="0" type="stmt"/>
      <line num="81" count="5" type="stmt"/>
      <line num="82" count="0" type="stmt"/>
      <line num="84" count="0" type="stmt"/>
      <line num="93" count="0" type="stmt"/>
      <line num="99" count="13" type="stmt"/>
      <line num="101" count="13" type="cond" truecount="3" falsecount="1"/>
      <line num="102" count="13" type="cond" truecount="1" falsecount="1"/>
      <line num="105" count="0" type="stmt"/>
      <line num="108" count="13" type="stmt"/>
      <line num="113" count="22" type="stmt"/>
      <line num="114" count="3" type="stmt"/>
      <line num="115" count="22" type="stmt"/>
      <line num="116" count="60" type="stmt"/>
      <line num="118" count="3" type="cond" truecount="3" falsecount="1"/>
      <line num="121" count="0" type="stmt"/>
      <line num="122" count="0" type="stmt"/>
      <line num="125" count="22" type="stmt"/>
      <line num="126" count="4" type="cond" truecount="2" falsecount="0"/>
      <line num="127" count="1" type="stmt"/>
      <line num="128" count="1" type="stmt"/>
      <line num="131" count="3" type="stmt"/>
      <line num="132" count="3" type="stmt"/>
      <line num="134" count="3" type="stmt"/>
      <line num="135" count="3" type="stmt"/>
      <line num="152" count="2" type="cond" truecount="2" falsecount="0"/>
      <line num="154" count="1" type="stmt"/>
      <line num="167" count="1" type="stmt"/>
      <line num="170" count="1" type="stmt"/>
      <line num="172" count="1" type="stmt"/>
      <line num="174" count="1" type="stmt"/>
      <line num="176" count="0" type="stmt"/>
      <line num="181" count="1" type="stmt"/>
      <line num="183" count="2" type="stmt"/>
      <line num="184" count="2" type="stmt"/>
      <line num="188" count="22" type="stmt"/>
      <line num="189" count="19" type="stmt"/>
      <line num="192" count="22" type="stmt"/>
      <line num="193" count="19" type="stmt"/>
      <line num="194" count="19" type="stmt"/>
      <line num="197" count="22" type="stmt"/>
      <line num="198" count="0" type="stmt"/>
      <line num="199" count="0" type="cond" truecount="0" falsecount="2"/>
      <line num="200" count="0" type="cond" truecount="0" falsecount="2"/>
      <line num="205" count="22" type="stmt"/>
      <line num="206" count="3" type="cond" truecount="2" falsecount="0"/>
      <line num="207" count="1" type="stmt"/>
      <line num="208" count="1" type="stmt"/>
      <line num="211" count="2" type="stmt"/>
      <line num="212" count="2" type="stmt"/>
      <line num="213" count="2" type="stmt"/>
      <line num="218" count="2" type="cond" truecount="2" falsecount="0"/>
      <line num="219" count="1" type="stmt"/>
      <line num="220" count="1" type="stmt"/>
      <line num="223" count="1" type="stmt"/>
      <line num="225" count="1" type="cond" truecount="1" falsecount="1"/>
      <line num="226" count="1" type="stmt"/>
      <line num="228" count="2" type="stmt"/>
      <line num="232" count="22" type="stmt"/>
      <line num="233" count="3" type="cond" truecount="2" falsecount="0"/>
      <line num="234" count="1" type="stmt"/>
      <line num="235" count="1" type="stmt"/>
      <line num="238" count="2" type="stmt"/>
      <line num="239" count="2" type="stmt"/>
      <line num="240" count="2" type="stmt"/>
      <line num="246" count="1" type="cond" truecount="1" falsecount="1"/>
      <line num="247" count="0" type="stmt"/>
      <line num="248" count="0" type="stmt"/>
      <line num="251" count="1" type="stmt"/>
      <line num="253" count="1" type="cond" truecount="1" falsecount="1"/>
      <line num="254" count="1" type="stmt"/>
      <line num="256" count="2" type="stmt"/>
      <line num="260" count="22" type="stmt"/>
      <line num="261" count="0" type="cond" truecount="0" falsecount="2"/>
      <line num="262" count="0" type="stmt"/>
      <line num="263" count="0" type="stmt"/>
      <line num="266" count="0" type="stmt"/>
      <line num="267" count="0" type="stmt"/>
      <line num="268" count="0" type="stmt"/>
      <line num="274" count="0" type="cond" truecount="0" falsecount="2"/>
      <line num="275" count="0" type="stmt"/>
      <line num="276" count="0" type="stmt"/>
      <line num="279" count="0" type="stmt"/>
      <line num="281" count="0" type="cond" truecount="0" falsecount="2"/>
      <line num="282" count="0" type="stmt"/>
      <line num="284" count="0" type="stmt"/>
      <line num="288" count="22" type="stmt"/>
      <line num="299" count="22" type="stmt"/>
      <line num="307" count="22" type="stmt"/>
      <line num="308" count="22" type="cond" truecount="1" falsecount="1"/>
      <line num="309" count="0" type="stmt"/>
      <line num="311" count="22" type="stmt"/>
    </file>
  </project>
</coverage>
