<?xml version="1.0" encoding="UTF-8"?>
<coverage generated="1742096495775" clover="3.2.0">
  <project timestamp="1742096495775" name="All files">
    <metrics statements="63" coveredstatements="54" conditionals="16" coveredconditionals="12" methods="7" coveredmethods="6" elements="86" coveredelements="72" complexity="0" loc="63" ncloc="63" packages="1" files="1" classes="1"/>
    <file name="OnboardingContext.tsx" path="/Users/ccandelora/Sites/native_apps/again/Daily-Glow2/src/contexts/OnboardingContext.tsx">
      <metrics statements="63" coveredstatements="54" conditionals="16" coveredconditionals="12" methods="7" coveredmethods="6"/>
      <line num="14" count="1" type="stmt"/>
      <line num="21" count="1" type="stmt"/>
      <line num="22" count="62" type="stmt"/>
      <line num="23" count="62" type="stmt"/>
      <line num="25" count="62" type="stmt"/>
      <line num="26" count="62" type="stmt"/>
      <line num="28" count="62" type="stmt"/>
      <line num="31" count="62" type="stmt"/>
      <line num="32" count="19" type="stmt"/>
      <line num="33" count="19" type="stmt"/>
      <line num="35" count="19" type="cond" truecount="1" falsecount="1"/>
      <line num="36" count="0" type="stmt"/>
      <line num="37" count="0" type="stmt"/>
      <line num="38" count="0" type="stmt"/>
      <line num="39" count="0" type="stmt"/>
      <line num="42" count="19" type="stmt"/>
      <line num="44" count="19" type="stmt"/>
      <line num="47" count="18" type="cond" truecount="2" falsecount="0"/>
      <line num="48" count="6" type="stmt"/>
      <line num="51" count="6" type="stmt"/>
      <line num="57" count="5" type="cond" truecount="2" falsecount="0"/>
      <line num="58" count="4" type="stmt"/>
      <line num="60" count="4" type="stmt"/>
      <line num="61" count="1" type="cond" truecount="1" falsecount="1"/>
      <line num="62" count="1" type="stmt"/>
      <line num="64" count="1" type="stmt"/>
      <line num="66" count="0" type="stmt"/>
      <line num="68" count="0" type="stmt"/>
      <line num="75" count="0" type="cond" truecount="0" falsecount="2"/>
      <line num="76" count="0" type="stmt"/>
      <line num="78" count="0" type="stmt"/>
      <line num="81" count="12" type="stmt"/>
      <line num="83" count="12" type="stmt"/>
      <line num="86" count="2" type="stmt"/>
      <line num="87" count="2" type="stmt"/>
      <line num="89" count="19" type="stmt"/>
      <line num="94" count="62" type="stmt"/>
      <line num="95" count="7" type="cond" truecount="2" falsecount="0"/>
      <line num="96" count="1" type="stmt"/>
      <line num="97" count="1" type="stmt"/>
      <line num="100" count="6" type="stmt"/>
      <line num="101" count="6" type="stmt"/>
      <line num="102" count="6" type="stmt"/>
      <line num="107" count="3" type="cond" truecount="2" falsecount="0"/>
      <line num="108" count="1" type="stmt"/>
      <line num="109" count="1" type="stmt"/>
      <line num="111" count="2" type="stmt"/>
      <line num="112" count="2" type="stmt"/>
      <line num="115" count="3" type="stmt"/>
      <line num="116" count="3" type="stmt"/>
      <line num="118" count="6" type="stmt"/>
      <line num="123" count="62" type="stmt"/>
      <line num="124" count="22" type="stmt"/>
      <line num="125" count="22" type="cond" truecount="2" falsecount="0"/>
      <line num="126" count="19" type="stmt"/>
      <line num="127" count="19" type="stmt"/>
      <line num="129" count="3" type="stmt"/>
      <line num="130" count="3" type="stmt"/>
      <line num="131" count="3" type="stmt"/>
      <line num="136" count="62" type="stmt"/>
      <line num="137" count="60" type="stmt"/>
      <line num="140" count="62" type="stmt"/>
      <line num="154" count="61" type="stmt"/>
    </file>
  </project>
</coverage>
