{"/Users/ccandelora/Sites/native_apps/again/Daily-Glow2/src/contexts/JournalContext.tsx": {"path":"/Users/ccandelora/Sites/native_apps/again/Daily-Glow2/src/contexts/JournalContext.tsx","statementMap":{"0":{"start":{"line":37,"column":23},"end":{"line":37,"column":79}},"1":{"start":{"line":40,"column":32},"end":{"line":40,"column":60}},"2":{"start":{"line":41,"column":49},"end":{"line":41,"column":62}},"3":{"start":{"line":42,"column":22},"end":{"line":42,"column":31}},"4":{"start":{"line":43,"column":46},"end":{"line":43,"column":64}},"5":{"start":{"line":45,"column":2},"end":{"line":51,"column":16}},"6":{"start":{"line":46,"column":4},"end":{"line":50,"column":5}},"7":{"start":{"line":47,"column":6},"end":{"line":47,"column":20}},"8":{"start":{"line":49,"column":6},"end":{"line":49,"column":21}},"9":{"start":{"line":53,"column":22},"end":{"line":110,"column":3}},"10":{"start":{"line":54,"column":4},"end":{"line":109,"column":5}},"11":{"start":{"line":55,"column":6},"end":{"line":55,"column":23}},"12":{"start":{"line":58,"column":41},"end":{"line":61,"column":17}},"13":{"start":{"line":63,"column":6},"end":{"line":67,"column":7}},"14":{"start":{"line":64,"column":8},"end":{"line":64,"column":64}},"15":{"start":{"line":65,"column":8},"end":{"line":65,"column":23}},"16":{"start":{"line":66,"column":8},"end":{"line":66,"column":15}},"17":{"start":{"line":69,"column":30},"end":{"line":73,"column":50}},"18":{"start":{"line":75,"column":6},"end":{"line":78,"column":7}},"19":{"start":{"line":76,"column":8},"end":{"line":76,"column":55}},"20":{"start":{"line":77,"column":8},"end":{"line":77,"column":58}},"21":{"start":{"line":81,"column":6},"end":{"line":97,"column":10}},"22":{"start":{"line":82,"column":21},"end":{"line":82,"column":47}},"23":{"start":{"line":84,"column":26},"end":{"line":91,"column":10}},"24":{"start":{"line":93,"column":8},"end":{"line":96,"column":10}},"25":{"start":{"line":99,"column":6},"end":{"line":99,"column":52}},"26":{"start":{"line":101,"column":6},"end":{"line":106,"column":7}},"27":{"start":{"line":102,"column":8},"end":{"line":102,"column":69}},"28":{"start":{"line":105,"column":8},"end":{"line":105,"column":23}},"29":{"start":{"line":108,"column":6},"end":{"line":108,"column":24}},"30":{"start":{"line":113,"column":34},"end":{"line":123,"column":3}},"31":{"start":{"line":114,"column":21},"end":{"line":114,"column":37}},"32":{"start":{"line":115,"column":25},"end":{"line":115,"column":84}},"33":{"start":{"line":115,"column":60},"end":{"line":115,"column":83}},"34":{"start":{"line":116,"column":27},"end":{"line":116,"column":88}},"35":{"start":{"line":116,"column":62},"end":{"line":116,"column":87}},"36":{"start":{"line":118,"column":4},"end":{"line":118,"column":63}},"37":{"start":{"line":118,"column":54},"end":{"line":118,"column":63}},"38":{"start":{"line":121,"column":18},"end":{"line":121,"column":67}},"39":{"start":{"line":122,"column":4},"end":{"line":122,"column":44}},"40":{"start":{"line":125,"column":19},"end":{"line":186,"column":3}},"41":{"start":{"line":126,"column":4},"end":{"line":129,"column":5}},"42":{"start":{"line":127,"column":6},"end":{"line":127,"column":56}},"43":{"start":{"line":128,"column":6},"end":{"line":128,"column":13}},"44":{"start":{"line":131,"column":27},"end":{"line":131,"column":84}},"45":{"start":{"line":132,"column":23},"end":{"line":132,"column":45}},"46":{"start":{"line":134,"column":4},"end":{"line":185,"column":5}},"47":{"start":{"line":135,"column":30},"end":{"line":150,"column":17}},"48":{"start":{"line":152,"column":6},"end":{"line":152,"column":29}},"49":{"start":{"line":152,"column":17},"end":{"line":152,"column":29}},"50":{"start":{"line":154,"column":37},"end":{"line":165,"column":7}},"51":{"start":{"line":167,"column":6},"end":{"line":167,"column":46}},"52":{"start":{"line":167,"column":25},"end":{"line":167,"column":44}},"53":{"start":{"line":170,"column":6},"end":{"line":178,"column":7}},"54":{"start":{"line":172,"column":8},"end":{"line":172,"column":31}},"55":{"start":{"line":174,"column":8},"end":{"line":174,"column":95}},"56":{"start":{"line":176,"column":8},"end":{"line":176,"column":61}},"57":{"start":{"line":181,"column":6},"end":{"line":181,"column":91}},"58":{"start":{"line":183,"column":6},"end":{"line":183,"column":48}},"59":{"start":{"line":184,"column":6},"end":{"line":184,"column":50}},"60":{"start":{"line":188,"column":27},"end":{"line":190,"column":3}},"61":{"start":{"line":189,"column":4},"end":{"line":189,"column":35}},"62":{"start":{"line":192,"column":26},"end":{"line":195,"column":3}},"63":{"start":{"line":193,"column":18},"end":{"line":193,"column":28}},"64":{"start":{"line":194,"column":4},"end":{"line":194,"column":65}},"65":{"start":{"line":194,"column":35},"end":{"line":194,"column":63}},"66":{"start":{"line":197,"column":34},"end":{"line":203,"column":3}},"67":{"start":{"line":198,"column":18},"end":{"line":198,"column":28}},"68":{"start":{"line":199,"column":4},"end":{"line":202,"column":14}},"69":{"start":{"line":200,"column":6},"end":{"line":201,"column":34}},"70":{"start":{"line":205,"column":27},"end":{"line":230,"column":3}},"71":{"start":{"line":206,"column":4},"end":{"line":209,"column":5}},"72":{"start":{"line":207,"column":6},"end":{"line":207,"column":59}},"73":{"start":{"line":208,"column":6},"end":{"line":208,"column":13}},"74":{"start":{"line":211,"column":4},"end":{"line":229,"column":5}},"75":{"start":{"line":212,"column":6},"end":{"line":212,"column":23}},"76":{"start":{"line":213,"column":24},"end":{"line":216,"column":39}},"77":{"start":{"line":218,"column":6},"end":{"line":221,"column":7}},"78":{"start":{"line":219,"column":8},"end":{"line":219,"column":56}},"79":{"start":{"line":220,"column":8},"end":{"line":220,"column":52}},"80":{"start":{"line":223,"column":6},"end":{"line":223,"column":21}},"81":{"start":{"line":225,"column":6},"end":{"line":225,"column":85}},"82":{"start":{"line":226,"column":6},"end":{"line":226,"column":18}},"83":{"start":{"line":228,"column":6},"end":{"line":228,"column":24}},"84":{"start":{"line":232,"column":22},"end":{"line":258,"column":3}},"85":{"start":{"line":233,"column":4},"end":{"line":236,"column":5}},"86":{"start":{"line":234,"column":6},"end":{"line":234,"column":59}},"87":{"start":{"line":235,"column":6},"end":{"line":235,"column":13}},"88":{"start":{"line":238,"column":4},"end":{"line":257,"column":5}},"89":{"start":{"line":239,"column":6},"end":{"line":239,"column":23}},"90":{"start":{"line":240,"column":24},"end":{"line":244,"column":39}},"91":{"start":{"line":246,"column":6},"end":{"line":249,"column":7}},"92":{"start":{"line":247,"column":8},"end":{"line":247,"column":54}},"93":{"start":{"line":248,"column":8},"end":{"line":248,"column":50}},"94":{"start":{"line":251,"column":6},"end":{"line":251,"column":64}},"95":{"start":{"line":251,"column":25},"end":{"line":251,"column":62}},"96":{"start":{"line":251,"column":46},"end":{"line":251,"column":61}},"97":{"start":{"line":253,"column":6},"end":{"line":253,"column":83}},"98":{"start":{"line":254,"column":6},"end":{"line":254,"column":18}},"99":{"start":{"line":256,"column":6},"end":{"line":256,"column":24}},"100":{"start":{"line":260,"column":24},"end":{"line":286,"column":3}},"101":{"start":{"line":261,"column":4},"end":{"line":264,"column":5}},"102":{"start":{"line":262,"column":6},"end":{"line":262,"column":59}},"103":{"start":{"line":263,"column":6},"end":{"line":263,"column":13}},"104":{"start":{"line":266,"column":4},"end":{"line":285,"column":5}},"105":{"start":{"line":267,"column":6},"end":{"line":267,"column":23}},"106":{"start":{"line":268,"column":24},"end":{"line":272,"column":39}},"107":{"start":{"line":274,"column":6},"end":{"line":277,"column":7}},"108":{"start":{"line":275,"column":8},"end":{"line":275,"column":56}},"109":{"start":{"line":276,"column":8},"end":{"line":276,"column":52}},"110":{"start":{"line":279,"column":6},"end":{"line":279,"column":72}},"111":{"start":{"line":279,"column":25},"end":{"line":279,"column":70}},"112":{"start":{"line":279,"column":46},"end":{"line":279,"column":69}},"113":{"start":{"line":281,"column":6},"end":{"line":281,"column":85}},"114":{"start":{"line":282,"column":6},"end":{"line":282,"column":18}},"115":{"start":{"line":284,"column":6},"end":{"line":284,"column":24}},"116":{"start":{"line":288,"column":16},"end":{"line":297,"column":3}},"117":{"start":{"line":299,"column":2},"end":{"line":303,"column":4}},"118":{"start":{"line":307,"column":18},"end":{"line":307,"column":44}},"119":{"start":{"line":308,"column":2},"end":{"line":310,"column":3}},"120":{"start":{"line":309,"column":4},"end":{"line":309,"column":72}},"121":{"start":{"line":311,"column":2},"end":{"line":311,"column":17}}},"fnMap":{"0":{"name":"JournalProvider","decl":{"start":{"line":39,"column":16},"end":{"line":39,"column":31}},"loc":{"start":{"line":39,"column":77},"end":{"line":304,"column":1}},"line":39},"1":{"name":"(anonymous_1)","decl":{"start":{"line":45,"column":12},"end":{"line":45,"column":13}},"loc":{"start":{"line":45,"column":18},"end":{"line":51,"column":3}},"line":45},"2":{"name":"(anonymous_2)","decl":{"start":{"line":53,"column":22},"end":{"line":53,"column":23}},"loc":{"start":{"line":53,"column":34},"end":{"line":110,"column":3}},"line":53},"3":{"name":"(anonymous_3)","decl":{"start":{"line":81,"column":26},"end":{"line":81,"column":27}},"loc":{"start":{"line":81,"column":52},"end":{"line":97,"column":7}},"line":81},"4":{"name":"(anonymous_4)","decl":{"start":{"line":113,"column":34},"end":{"line":113,"column":35}},"loc":{"start":{"line":113,"column":96},"end":{"line":123,"column":3}},"line":113},"5":{"name":"(anonymous_5)","decl":{"start":{"line":115,"column":44},"end":{"line":115,"column":45}},"loc":{"start":{"line":115,"column":60},"end":{"line":115,"column":83}},"line":115},"6":{"name":"(anonymous_6)","decl":{"start":{"line":116,"column":46},"end":{"line":116,"column":47}},"loc":{"start":{"line":116,"column":62},"end":{"line":116,"column":87}},"line":116},"7":{"name":"(anonymous_7)","decl":{"start":{"line":125,"column":19},"end":{"line":125,"column":20}},"loc":{"start":{"line":125,"column":113},"end":{"line":186,"column":3}},"line":125},"8":{"name":"(anonymous_8)","decl":{"start":{"line":167,"column":17},"end":{"line":167,"column":18}},"loc":{"start":{"line":167,"column":25},"end":{"line":167,"column":44}},"line":167},"9":{"name":"(anonymous_9)","decl":{"start":{"line":188,"column":27},"end":{"line":188,"column":28}},"loc":{"start":{"line":188,"column":46},"end":{"line":190,"column":3}},"line":188},"10":{"name":"(anonymous_10)","decl":{"start":{"line":192,"column":26},"end":{"line":192,"column":27}},"loc":{"start":{"line":192,"column":32},"end":{"line":195,"column":3}},"line":192},"11":{"name":"(anonymous_11)","decl":{"start":{"line":194,"column":26},"end":{"line":194,"column":27}},"loc":{"start":{"line":194,"column":35},"end":{"line":194,"column":63}},"line":194},"12":{"name":"(anonymous_12)","decl":{"start":{"line":197,"column":34},"end":{"line":197,"column":35}},"loc":{"start":{"line":197,"column":58},"end":{"line":203,"column":3}},"line":197},"13":{"name":"(anonymous_13)","decl":{"start":{"line":199,"column":24},"end":{"line":199,"column":25}},"loc":{"start":{"line":200,"column":6},"end":{"line":201,"column":34}},"line":200},"14":{"name":"(anonymous_14)","decl":{"start":{"line":205,"column":27},"end":{"line":205,"column":28}},"loc":{"start":{"line":205,"column":39},"end":{"line":230,"column":3}},"line":205},"15":{"name":"(anonymous_15)","decl":{"start":{"line":232,"column":22},"end":{"line":232,"column":23}},"loc":{"start":{"line":232,"column":44},"end":{"line":258,"column":3}},"line":232},"16":{"name":"(anonymous_16)","decl":{"start":{"line":251,"column":17},"end":{"line":251,"column":18}},"loc":{"start":{"line":251,"column":25},"end":{"line":251,"column":62}},"line":251},"17":{"name":"(anonymous_17)","decl":{"start":{"line":251,"column":37},"end":{"line":251,"column":38}},"loc":{"start":{"line":251,"column":46},"end":{"line":251,"column":61}},"line":251},"18":{"name":"(anonymous_18)","decl":{"start":{"line":260,"column":24},"end":{"line":260,"column":25}},"loc":{"start":{"line":260,"column":49},"end":{"line":286,"column":3}},"line":260},"19":{"name":"(anonymous_19)","decl":{"start":{"line":279,"column":17},"end":{"line":279,"column":18}},"loc":{"start":{"line":279,"column":25},"end":{"line":279,"column":70}},"line":279},"20":{"name":"(anonymous_20)","decl":{"start":{"line":279,"column":37},"end":{"line":279,"column":38}},"loc":{"start":{"line":279,"column":46},"end":{"line":279,"column":69}},"line":279},"21":{"name":"useJournal","decl":{"start":{"line":306,"column":16},"end":{"line":306,"column":26}},"loc":{"start":{"line":306,"column":29},"end":{"line":312,"column":1}},"line":306}},"branchMap":{"0":{"loc":{"start":{"line":46,"column":4},"end":{"line":50,"column":5}},"type":"if","locations":[{"start":{"line":46,"column":4},"end":{"line":50,"column":5}},{"start":{"line":48,"column":11},"end":{"line":50,"column":5}}],"line":46},"1":{"loc":{"start":{"line":63,"column":6},"end":{"line":67,"column":7}},"type":"if","locations":[{"start":{"line":63,"column":6},"end":{"line":67,"column":7}},{"start":{},"end":{}}],"line":63},"2":{"loc":{"start":{"line":63,"column":10},"end":{"line":63,"column":106}},"type":"binary-expr","locations":[{"start":{"line":63,"column":10},"end":{"line":63,"column":25}},{"start":{"line":63,"column":29},"end":{"line":63,"column":106}}],"line":63},"3":{"loc":{"start":{"line":75,"column":6},"end":{"line":78,"column":7}},"type":"if","locations":[{"start":{"line":75,"column":6},"end":{"line":78,"column":7}},{"start":{},"end":{}}],"line":75},"4":{"loc":{"start":{"line":101,"column":6},"end":{"line":106,"column":7}},"type":"if","locations":[{"start":{"line":101,"column":6},"end":{"line":106,"column":7}},{"start":{"line":103,"column":13},"end":{"line":106,"column":7}}],"line":101},"5":{"loc":{"start":{"line":101,"column":10},"end":{"line":101,"column":77}},"type":"binary-expr","locations":[{"start":{"line":101,"column":10},"end":{"line":101,"column":32}},{"start":{"line":101,"column":36},"end":{"line":101,"column":77}}],"line":101},"6":{"loc":{"start":{"line":102,"column":18},"end":{"line":102,"column":67}},"type":"binary-expr","locations":[{"start":{"line":102,"column":18},"end":{"line":102,"column":31}},{"start":{"line":102,"column":35},"end":{"line":102,"column":67}}],"line":102},"7":{"loc":{"start":{"line":118,"column":4},"end":{"line":118,"column":63}},"type":"if","locations":[{"start":{"line":118,"column":4},"end":{"line":118,"column":63}},{"start":{},"end":{}}],"line":118},"8":{"loc":{"start":{"line":118,"column":8},"end":{"line":118,"column":52}},"type":"binary-expr","locations":[{"start":{"line":118,"column":8},"end":{"line":118,"column":27}},{"start":{"line":118,"column":31},"end":{"line":118,"column":52}}],"line":118},"9":{"loc":{"start":{"line":126,"column":4},"end":{"line":129,"column":5}},"type":"if","locations":[{"start":{"line":126,"column":4},"end":{"line":129,"column":5}},{"start":{},"end":{}}],"line":126},"10":{"loc":{"start":{"line":152,"column":6},"end":{"line":152,"column":29}},"type":"if","locations":[{"start":{"line":152,"column":6},"end":{"line":152,"column":29}},{"start":{},"end":{}}],"line":152},"11":{"loc":{"start":{"line":199,"column":11},"end":{"line":202,"column":13}},"type":"binary-expr","locations":[{"start":{"line":199,"column":11},"end":{"line":202,"column":5}},{"start":{"line":202,"column":9},"end":{"line":202,"column":13}}],"line":199},"12":{"loc":{"start":{"line":200,"column":6},"end":{"line":201,"column":34}},"type":"binary-expr","locations":[{"start":{"line":200,"column":6},"end":{"line":200,"column":34}},{"start":{"line":201,"column":6},"end":{"line":201,"column":34}}],"line":200},"13":{"loc":{"start":{"line":206,"column":4},"end":{"line":209,"column":5}},"type":"if","locations":[{"start":{"line":206,"column":4},"end":{"line":209,"column":5}},{"start":{},"end":{}}],"line":206},"14":{"loc":{"start":{"line":218,"column":6},"end":{"line":221,"column":7}},"type":"if","locations":[{"start":{"line":218,"column":6},"end":{"line":221,"column":7}},{"start":{},"end":{}}],"line":218},"15":{"loc":{"start":{"line":225,"column":16},"end":{"line":225,"column":83}},"type":"cond-expr","locations":[{"start":{"line":225,"column":41},"end":{"line":225,"column":54}},{"start":{"line":225,"column":57},"end":{"line":225,"column":83}}],"line":225},"16":{"loc":{"start":{"line":233,"column":4},"end":{"line":236,"column":5}},"type":"if","locations":[{"start":{"line":233,"column":4},"end":{"line":236,"column":5}},{"start":{},"end":{}}],"line":233},"17":{"loc":{"start":{"line":246,"column":6},"end":{"line":249,"column":7}},"type":"if","locations":[{"start":{"line":246,"column":6},"end":{"line":249,"column":7}},{"start":{},"end":{}}],"line":246},"18":{"loc":{"start":{"line":253,"column":16},"end":{"line":253,"column":81}},"type":"cond-expr","locations":[{"start":{"line":253,"column":41},"end":{"line":253,"column":54}},{"start":{"line":253,"column":57},"end":{"line":253,"column":81}}],"line":253},"19":{"loc":{"start":{"line":261,"column":4},"end":{"line":264,"column":5}},"type":"if","locations":[{"start":{"line":261,"column":4},"end":{"line":264,"column":5}},{"start":{},"end":{}}],"line":261},"20":{"loc":{"start":{"line":274,"column":6},"end":{"line":277,"column":7}},"type":"if","locations":[{"start":{"line":274,"column":6},"end":{"line":277,"column":7}},{"start":{},"end":{}}],"line":274},"21":{"loc":{"start":{"line":281,"column":16},"end":{"line":281,"column":83}},"type":"cond-expr","locations":[{"start":{"line":281,"column":41},"end":{"line":281,"column":54}},{"start":{"line":281,"column":57},"end":{"line":281,"column":83}}],"line":281},"22":{"loc":{"start":{"line":308,"column":2},"end":{"line":310,"column":3}},"type":"if","locations":[{"start":{"line":308,"column":2},"end":{"line":310,"column":3}},{"start":{},"end":{}}],"line":308}},"s":{"0":1,"1":22,"2":22,"3":22,"4":22,"5":22,"6":16,"7":13,"8":3,"9":22,"10":13,"11":13,"12":13,"13":9,"14":0,"15":0,"16":0,"17":9,"18":5,"19":0,"20":0,"21":5,"22":0,"23":0,"24":0,"25":13,"26":13,"27":13,"28":0,"29":13,"30":22,"31":3,"32":3,"33":22,"34":3,"35":60,"36":3,"37":3,"38":0,"39":0,"40":22,"41":4,"42":1,"43":1,"44":3,"45":3,"46":3,"47":3,"48":2,"49":1,"50":1,"51":1,"52":1,"53":1,"54":1,"55":1,"56":0,"57":1,"58":2,"59":2,"60":22,"61":19,"62":22,"63":19,"64":19,"65":1,"66":22,"67":0,"68":0,"69":0,"70":22,"71":3,"72":1,"73":1,"74":2,"75":2,"76":2,"77":2,"78":1,"79":1,"80":1,"81":1,"82":1,"83":2,"84":22,"85":3,"86":1,"87":1,"88":2,"89":2,"90":2,"91":1,"92":0,"93":0,"94":1,"95":1,"96":0,"97":1,"98":1,"99":2,"100":22,"101":0,"102":0,"103":0,"104":0,"105":0,"106":0,"107":0,"108":0,"109":0,"110":0,"111":0,"112":0,"113":0,"114":0,"115":0,"116":22,"117":22,"118":22,"119":22,"120":0,"121":22},"f":{"0":22,"1":16,"2":13,"3":0,"4":3,"5":22,"6":60,"7":4,"8":1,"9":19,"10":19,"11":1,"12":0,"13":0,"14":3,"15":3,"16":1,"17":0,"18":0,"19":0,"20":0,"21":22},"b":{"0":[13,3],"1":[0,9],"2":[9,0],"3":[0,5],"4":[13,0],"5":[13,13],"6":[13,0],"7":[3,0],"8":[3,2],"9":[1,3],"10":[1,1],"11":[0,0],"12":[0,0],"13":[1,2],"14":[1,1],"15":[1,0],"16":[1,2],"17":[0,1],"18":[1,0],"19":[0,0],"20":[0,0],"21":[0,0],"22":[0,22]},"_coverageSchema":"1a1c01bbd47fc00a2c39e90264f33305004495a9","hash":"9e6b0d2d41446d1e4f67bfb6f7201517aa76e700"}
}
