{"/Users/ccandelora/Sites/native_apps/again/Daily-Glow2/src/contexts/OnboardingContext.tsx": {"path":"/Users/ccandelora/Sites/native_apps/again/Daily-Glow2/src/contexts/OnboardingContext.tsx","statementMap":{"0":{"start":{"line":14,"column":26},"end":{"line":18,"column":2}},"1":{"start":{"line":21,"column":34},"end":{"line":151,"column":1}},"2":{"start":{"line":22,"column":28},"end":{"line":22,"column":37}},"3":{"start":{"line":23,"column":36},"end":{"line":23,"column":49}},"4":{"start":{"line":25,"column":62},"end":{"line":25,"column":93}},"5":{"start":{"line":26,"column":37},"end":{"line":26,"column":61}},"6":{"start":{"line":28,"column":2},"end":{"line":28,"column":72}},"7":{"start":{"line":31,"column":32},"end":{"line":91,"column":3}},"8":{"start":{"line":32,"column":4},"end":{"line":32,"column":26}},"9":{"start":{"line":33,"column":4},"end":{"line":33,"column":72}},"10":{"start":{"line":35,"column":4},"end":{"line":40,"column":5}},"11":{"start":{"line":36,"column":6},"end":{"line":36,"column":70}},"12":{"start":{"line":37,"column":6},"end":{"line":37,"column":39}},"13":{"start":{"line":38,"column":6},"end":{"line":38,"column":29}},"14":{"start":{"line":39,"column":6},"end":{"line":39,"column":13}},"15":{"start":{"line":42,"column":4},"end":{"line":90,"column":5}},"16":{"start":{"line":44,"column":49},"end":{"line":45,"column":65}},"17":{"start":{"line":47,"column":6},"end":{"line":84,"column":7}},"18":{"start":{"line":48,"column":8},"end":{"line":48,"column":72}},"19":{"start":{"line":51,"column":32},"end":{"line":55,"column":19}},"20":{"start":{"line":57,"column":8},"end":{"line":79,"column":9}},"21":{"start":{"line":58,"column":10},"end":{"line":58,"column":79}},"22":{"start":{"line":60,"column":10},"end":{"line":60,"column":43}},"23":{"start":{"line":61,"column":15},"end":{"line":79,"column":9}},"24":{"start":{"line":62,"column":10},"end":{"line":62,"column":87}},"25":{"start":{"line":64,"column":10},"end":{"line":64,"column":43}},"26":{"start":{"line":66,"column":10},"end":{"line":66,"column":95}},"27":{"start":{"line":68,"column":41},"end":{"line":73,"column":14}},"28":{"start":{"line":75,"column":10},"end":{"line":77,"column":11}},"29":{"start":{"line":76,"column":12},"end":{"line":76,"column":82}},"30":{"start":{"line":78,"column":10},"end":{"line":78,"column":43}},"31":{"start":{"line":81,"column":8},"end":{"line":81,"column":71}},"32":{"start":{"line":83,"column":8},"end":{"line":83,"column":41}},"33":{"start":{"line":86,"column":6},"end":{"line":86,"column":78}},"34":{"start":{"line":87,"column":6},"end":{"line":87,"column":39}},"35":{"start":{"line":89,"column":6},"end":{"line":89,"column":29}},"36":{"start":{"line":94,"column":29},"end":{"line":120,"column":3}},"37":{"start":{"line":95,"column":4},"end":{"line":98,"column":5}},"38":{"start":{"line":96,"column":6},"end":{"line":96,"column":66}},"39":{"start":{"line":97,"column":6},"end":{"line":97,"column":13}},"40":{"start":{"line":100,"column":4},"end":{"line":100,"column":21}},"41":{"start":{"line":101,"column":4},"end":{"line":119,"column":5}},"42":{"start":{"line":102,"column":24},"end":{"line":105,"column":31}},"43":{"start":{"line":107,"column":6},"end":{"line":113,"column":7}},"44":{"start":{"line":108,"column":8},"end":{"line":108,"column":56}},"45":{"start":{"line":109,"column":8},"end":{"line":109,"column":72}},"46":{"start":{"line":111,"column":8},"end":{"line":111,"column":59}},"47":{"start":{"line":112,"column":8},"end":{"line":112,"column":40}},"48":{"start":{"line":115,"column":6},"end":{"line":115,"column":48}},"49":{"start":{"line":116,"column":6},"end":{"line":116,"column":73}},"50":{"start":{"line":118,"column":6},"end":{"line":118,"column":24}},"51":{"start":{"line":123,"column":2},"end":{"line":133,"column":13}},"52":{"start":{"line":124,"column":4},"end":{"line":124,"column":74}},"53":{"start":{"line":125,"column":4},"end":{"line":132,"column":5}},"54":{"start":{"line":126,"column":6},"end":{"line":126,"column":63}},"55":{"start":{"line":127,"column":6},"end":{"line":127,"column":30}},"56":{"start":{"line":129,"column":6},"end":{"line":129,"column":61}},"57":{"start":{"line":130,"column":6},"end":{"line":130,"column":38}},"58":{"start":{"line":131,"column":6},"end":{"line":131,"column":29}},"59":{"start":{"line":136,"column":2},"end":{"line":138,"column":40}},"60":{"start":{"line":137,"column":4},"end":{"line":137,"column":84}},"61":{"start":{"line":140,"column":2},"end":{"line":150,"column":4}},"62":{"start":{"line":154,"column":29},"end":{"line":154,"column":64}},"63":{"start":{"line":154,"column":35},"end":{"line":154,"column":64}}},"fnMap":{"0":{"name":"(anonymous_0)","decl":{"start":{"line":17,"column":22},"end":{"line":17,"column":23}},"loc":{"start":{"line":17,"column":34},"end":{"line":17,"column":36}},"line":17},"1":{"name":"(anonymous_1)","decl":{"start":{"line":21,"column":34},"end":{"line":21,"column":35}},"loc":{"start":{"line":21,"column":77},"end":{"line":151,"column":1}},"line":21},"2":{"name":"(anonymous_2)","decl":{"start":{"line":31,"column":32},"end":{"line":31,"column":33}},"loc":{"start":{"line":31,"column":44},"end":{"line":91,"column":3}},"line":31},"3":{"name":"(anonymous_3)","decl":{"start":{"line":94,"column":29},"end":{"line":94,"column":30}},"loc":{"start":{"line":94,"column":41},"end":{"line":120,"column":3}},"line":94},"4":{"name":"(anonymous_4)","decl":{"start":{"line":123,"column":12},"end":{"line":123,"column":13}},"loc":{"start":{"line":123,"column":18},"end":{"line":133,"column":3}},"line":123},"5":{"name":"(anonymous_5)","decl":{"start":{"line":136,"column":12},"end":{"line":136,"column":13}},"loc":{"start":{"line":136,"column":18},"end":{"line":138,"column":3}},"line":136},"6":{"name":"(anonymous_6)","decl":{"start":{"line":154,"column":29},"end":{"line":154,"column":30}},"loc":{"start":{"line":154,"column":35},"end":{"line":154,"column":64}},"line":154}},"branchMap":{"0":{"loc":{"start":{"line":35,"column":4},"end":{"line":40,"column":5}},"type":"if","locations":[{"start":{"line":35,"column":4},"end":{"line":40,"column":5}},{"start":{},"end":{}}],"line":35},"1":{"loc":{"start":{"line":47,"column":6},"end":{"line":84,"column":7}},"type":"if","locations":[{"start":{"line":47,"column":6},"end":{"line":84,"column":7}},{"start":{"line":80,"column":13},"end":{"line":84,"column":7}}],"line":47},"2":{"loc":{"start":{"line":57,"column":8},"end":{"line":79,"column":9}},"type":"if","locations":[{"start":{"line":57,"column":8},"end":{"line":79,"column":9}},{"start":{"line":61,"column":15},"end":{"line":79,"column":9}}],"line":57},"3":{"loc":{"start":{"line":61,"column":15},"end":{"line":79,"column":9}},"type":"if","locations":[{"start":{"line":61,"column":15},"end":{"line":79,"column":9}},{"start":{"line":65,"column":15},"end":{"line":79,"column":9}}],"line":61},"4":{"loc":{"start":{"line":75,"column":10},"end":{"line":77,"column":11}},"type":"if","locations":[{"start":{"line":75,"column":10},"end":{"line":77,"column":11}},{"start":{},"end":{}}],"line":75},"5":{"loc":{"start":{"line":95,"column":4},"end":{"line":98,"column":5}},"type":"if","locations":[{"start":{"line":95,"column":4},"end":{"line":98,"column":5}},{"start":{},"end":{}}],"line":95},"6":{"loc":{"start":{"line":107,"column":6},"end":{"line":113,"column":7}},"type":"if","locations":[{"start":{"line":107,"column":6},"end":{"line":113,"column":7}},{"start":{"line":110,"column":13},"end":{"line":113,"column":7}}],"line":107},"7":{"loc":{"start":{"line":125,"column":4},"end":{"line":132,"column":5}},"type":"if","locations":[{"start":{"line":125,"column":4},"end":{"line":132,"column":5}},{"start":{"line":128,"column":11},"end":{"line":132,"column":5}}],"line":125}},"s":{"0":1,"1":1,"2":62,"3":62,"4":62,"5":62,"6":62,"7":62,"8":19,"9":19,"10":19,"11":0,"12":0,"13":0,"14":0,"15":19,"16":19,"17":18,"18":6,"19":6,"20":5,"21":4,"22":4,"23":1,"24":1,"25":1,"26":0,"27":0,"28":0,"29":0,"30":0,"31":12,"32":12,"33":2,"34":2,"35":19,"36":62,"37":7,"38":1,"39":1,"40":6,"41":6,"42":6,"43":3,"44":1,"45":1,"46":2,"47":2,"48":3,"49":3,"50":6,"51":62,"52":22,"53":22,"54":19,"55":19,"56":3,"57":3,"58":3,"59":62,"60":60,"61":62,"62":1,"63":61},"f":{"0":0,"1":62,"2":19,"3":7,"4":22,"5":60,"6":61},"b":{"0":[0,19],"1":[6,12],"2":[4,1],"3":[1,0],"4":[0,0],"5":[1,6],"6":[1,2],"7":[19,3]},"_coverageSchema":"1a1c01bbd47fc00a2c39e90264f33305004495a9","hash":"c17c0771f8c4fff9428e99f24508acb68972822b"}
}
