TN:
SF:src/contexts/OnboardingContext.tsx
FN:17,(anonymous_0)
FN:21,(anonymous_1)
FN:31,(anonymous_2)
FN:94,(anonymous_3)
FN:123,(anonymous_4)
FN:136,(anonymous_5)
FN:154,(anonymous_6)
FNF:7
FNH:6
FNDA:0,(anonymous_0)
FNDA:62,(anonymous_1)
FNDA:19,(anonymous_2)
FNDA:7,(anonymous_3)
FNDA:22,(anonymous_4)
FNDA:60,(anonymous_5)
FNDA:61,(anonymous_6)
DA:14,1
DA:21,1
DA:22,62
DA:23,62
DA:25,62
DA:26,62
DA:28,62
DA:31,62
DA:32,19
DA:33,19
DA:35,19
DA:36,0
DA:37,0
DA:38,0
DA:39,0
DA:42,19
DA:44,19
DA:47,18
DA:48,6
DA:51,6
DA:57,5
DA:58,4
DA:60,4
DA:61,1
DA:62,1
DA:64,1
DA:66,0
DA:68,0
DA:75,0
DA:76,0
DA:78,0
DA:81,12
DA:83,12
DA:86,2
DA:87,2
DA:89,19
DA:94,62
DA:95,7
DA:96,1
DA:97,1
DA:100,6
DA:101,6
DA:102,6
DA:107,3
DA:108,1
DA:109,1
DA:111,2
DA:112,2
DA:115,3
DA:116,3
DA:118,6
DA:123,62
DA:124,22
DA:125,22
DA:126,19
DA:127,19
DA:129,3
DA:130,3
DA:131,3
DA:136,62
DA:137,60
DA:140,62
DA:154,61
LF:63
LH:54
BRDA:35,0,0,0
BRDA:35,0,1,19
BRDA:47,1,0,6
BRDA:47,1,1,12
BRDA:57,2,0,4
BRDA:57,2,1,1
BRDA:61,3,0,1
BRDA:61,3,1,0
BRDA:75,4,0,0
BRDA:75,4,1,0
BRDA:95,5,0,1
BRDA:95,5,1,6
BRDA:107,6,0,1
BRDA:107,6,1,2
BRDA:125,7,0,19
BRDA:125,7,1,3
BRF:16
BRH:12
end_of_record
