TN:
SF:src/components/common/AnimatedBackground.tsx
FN:25,(anonymous_0)
FN:34,(anonymous_1)
FNF:2
FNH:2
FNDA:2,(anonymous_0)
FNDA:2,(anonymous_1)
DA:25,1
DA:31,2
DA:32,2
DA:34,2
DA:35,2
DA:37,2
DA:44,2
DA:59,2
DA:61,0
DA:65,2
DA:70,2
DA:136,1
LF:12
LH:11
BRDA:26,0,0,2
BRDA:27,1,0,2
BRDA:35,2,0,2
BRDA:35,2,1,0
BRF:4
BRH:3
end_of_record
TN:
SF:src/components/common/AnimatedModal.tsx
FN:23,(anonymous_0)
FN:34,(anonymous_1)
FNF:2
FNH:2
FNDA:5,(anonymous_0)
FNDA:5,(anonymous_1)
DA:23,1
DA:31,5
DA:32,5
DA:34,5
DA:35,5
DA:36,5
DA:49,0
DA:64,5
DA:66,5
DA:123,1
LF:10
LH:9
BRDA:35,0,0,5
BRDA:35,0,1,0
BRDA:102,1,0,5
BRDA:102,1,1,4
BRDA:104,2,0,5
BRDA:104,2,1,2
BRF:6
BRH:5
end_of_record
TN:
SF:src/components/common/AnimatedMoodIcon.tsx
FN:13,(anonymous_0)
FN:23,(anonymous_1)
FNF:2
FNH:2
FNDA:5,(anonymous_0)
FNDA:5,(anonymous_1)
DA:13,1
DA:20,5
DA:21,5
DA:23,5
DA:24,5
DA:38,5
DA:57,1
LF:7
LH:7
BRDA:14,0,0,4
BRDA:18,1,0,4
BRDA:26,2,0,1
BRDA:26,2,1,4
BRDA:31,3,0,1
BRDA:31,3,1,4
BRF:6
BRH:6
end_of_record
TN:
SF:src/components/common/Button.tsx
FN:17,(anonymous_0)
FNF:1
FNH:1
FNDA:11,(anonymous_0)
DA:17,1
DA:27,11
DA:64,1
LF:3
LH:3
BRDA:20,0,0,9
BRDA:21,1,0,8
BRDA:22,2,0,10
BRDA:23,3,0,10
BRDA:33,4,0,11
BRDA:33,4,1,1
BRDA:37,5,0,11
BRDA:37,5,1,10
BRDA:39,6,0,1
BRDA:39,6,1,10
BRDA:41,7,0,0
BRDA:41,7,1,1
BRDA:50,8,0,10
BRDA:50,8,1,1
BRDA:51,9,0,10
BRDA:51,9,1,1
BRF:16
BRH:15
end_of_record
TN:
SF:src/components/common/Card.tsx
FN:10,(anonymous_0)
FNF:1
FNH:1
FNDA:6,(anonymous_0)
DA:10,1
DA:11,6
DA:26,1
LF:3
LH:3
BRDA:10,0,0,4
BRDA:15,1,0,6
BRDA:15,1,1,1
BRDA:16,2,0,6
BRDA:16,2,1,1
BRF:5
BRH:5
end_of_record
TN:
SF:src/components/common/DailyChallenge.tsx
FN:26,(anonymous_0)
FN:41,(anonymous_1)
FN:45,(anonymous_2)
FN:55,(anonymous_3)
FN:65,(anonymous_4)
FN:73,(anonymous_5)
FN:96,(anonymous_6)
FN:97,(anonymous_7)
FN:110,(anonymous_8)
FN:117,(anonymous_9)
FN:147,(anonymous_10)
FN:169,(anonymous_11)
FNF:12
FNH:8
FNDA:5,(anonymous_0)
FNDA:0,(anonymous_1)
FNDA:8,(anonymous_2)
FNDA:4,(anonymous_3)
FNDA:4,(anonymous_4)
FNDA:5,(anonymous_5)
FNDA:4,(anonymous_6)
FNDA:4,(anonymous_7)
FNDA:0,(anonymous_8)
FNDA:4,(anonymous_9)
FNDA:0,(anonymous_10)
FNDA:0,(anonymous_11)
DA:19,1
DA:26,1
DA:27,5
DA:29,0
DA:31,5
DA:33,0
DA:35,0
DA:37,0
DA:41,1
DA:42,0
DA:45,1
DA:46,8
DA:47,8
DA:48,8
DA:49,8
DA:50,8
DA:51,8
DA:52,8
DA:53,8
DA:55,8
DA:56,4
DA:65,8
DA:66,4
DA:67,4
DA:70,4
DA:71,4
DA:73,4
DA:74,5
DA:77,5
DA:78,5
DA:84,5
DA:85,5
DA:87,5
DA:90,4
DA:91,4
DA:96,8
DA:97,4
DA:98,4
DA:99,4
DA:100,4
DA:101,4
DA:103,4
DA:106,4
DA:107,1
DA:110,4
DA:111,0
DA:112,0
DA:116,4
DA:117,4
DA:120,8
DA:121,1
DA:147,0
DA:157,7
DA:158,2
DA:169,5
DA:170,0
DA:171,0
DA:172,0
DA:175,0
DA:176,0
DA:178,0
DA:179,0
DA:180,0
DA:181,0
DA:184,0
DA:185,0
DA:186,0
DA:187,0
DA:189,0
DA:190,0
DA:192,0
DA:195,0
DA:199,5
DA:200,5
DA:202,5
DA:294,1
LF:76
LH:51
BRDA:27,0,0,0
BRDA:27,0,1,5
BRDA:27,0,2,0
BRDA:27,0,3,0
BRDA:27,0,4,0
BRDA:42,1,0,0
BRDA:42,1,1,0
BRDA:66,2,0,4
BRDA:66,2,1,0
BRDA:74,3,0,0
BRDA:74,3,1,5
BRDA:87,4,0,5
BRDA:87,4,1,5
BRDA:106,5,0,1
BRDA:106,5,1,3
BRDA:120,6,0,1
BRDA:120,6,1,7
BRDA:157,7,0,2
BRDA:157,7,1,5
BRDA:170,8,0,0
BRDA:170,8,1,0
BRDA:179,9,0,0
BRDA:179,9,1,0
BRDA:179,10,0,0
BRDA:179,10,1,0
BRDA:189,11,0,0
BRDA:189,11,1,0
BRDA:189,12,0,0
BRDA:189,12,1,0
BRDA:192,13,0,0
BRDA:192,13,1,0
BRDA:199,14,0,5
BRDA:199,14,1,0
BRDA:200,15,0,5
BRDA:200,15,1,0
BRDA:273,16,0,5
BRDA:273,16,1,5
BRDA:276,17,0,5
BRDA:276,17,1,5
BRF:39
BRH:17
end_of_record
TN:
SF:src/components/common/DeepLinkHandler.tsx
FN:11,(anonymous_0)
FN:17,(anonymous_1)
FN:24,(anonymous_2)
FN:36,(anonymous_3)
FN:42,(anonymous_4)
FN:73,(anonymous_5)
FN:89,(anonymous_6)
FN:99,(anonymous_7)
FN:120,(anonymous_8)
FN:130,(anonymous_9)
FN:141,(anonymous_10)
FN:175,(anonymous_11)
FN:191,(anonymous_12)
FN:201,(anonymous_13)
FN:230,(anonymous_14)
FN:240,(anonymous_15)
FN:251,(anonymous_16)
FN:262,(anonymous_17)
FN:278,(anonymous_18)
FN:282,(anonymous_19)
FN:288,(anonymous_20)
FN:295,(anonymous_21)
FN:299,(anonymous_22)
FNF:23
FNH:9
FNDA:11,(anonymous_0)
FNDA:10,(anonymous_1)
FNDA:0,(anonymous_2)
FNDA:17,(anonymous_3)
FNDA:13,(anonymous_4)
FNDA:0,(anonymous_5)
FNDA:0,(anonymous_6)
FNDA:0,(anonymous_7)
FNDA:0,(anonymous_8)
FNDA:0,(anonymous_9)
FNDA:0,(anonymous_10)
FNDA:0,(anonymous_11)
FNDA:0,(anonymous_12)
FNDA:0,(anonymous_13)
FNDA:0,(anonymous_14)
FNDA:0,(anonymous_15)
FNDA:0,(anonymous_16)
FNDA:0,(anonymous_17)
FNDA:17,(anonymous_18)
FNDA:12,(anonymous_19)
FNDA:16,(anonymous_20)
FNDA:1,(anonymous_21)
FNDA:17,(anonymous_22)
DA:11,1
DA:12,11
DA:13,11
DA:14,11
DA:17,11
DA:18,10
DA:22,11
DA:23,0
DA:24,0
DA:25,0
DA:29,11
DA:31,0
DA:32,0
DA:36,1
DA:37,17
DA:38,17
DA:39,17
DA:42,17
DA:43,13
DA:45,13
DA:47,13
DA:48,7
DA:51,7
DA:52,7
DA:55,7
DA:56,7
DA:59,7
DA:60,2
DA:62,2
DA:64,2
DA:66,2
DA:67,1
DA:68,1
DA:70,1
DA:73,0
DA:75,1
DA:78,1
DA:79,1
DA:80,1
DA:83,1
DA:86,1
DA:89,0
DA:93,0
DA:94,0
DA:96,0
DA:99,0
DA:104,5
DA:105,5
DA:107,5
DA:108,5
DA:110,4
DA:111,3
DA:112,3
DA:114,3
DA:117,3
DA:120,0
DA:123,1
DA:124,1
DA:127,1
DA:130,0
DA:134,1
DA:135,1
DA:138,1
DA:141,0
DA:146,0
DA:147,0
DA:148,0
DA:153,6
DA:154,4
DA:157,4
DA:158,4
DA:161,4
DA:162,2
DA:164,2
DA:166,2
DA:168,2
DA:169,0
DA:170,0
DA:172,0
DA:175,0
DA:177,0
DA:180,2
DA:181,2
DA:182,2
DA:185,2
DA:188,2
DA:191,0
DA:195,0
DA:196,0
DA:198,0
DA:201,0
DA:206,2
DA:207,1
DA:210,1
DA:216,1
DA:218,1
DA:220,1
DA:221,1
DA:222,1
DA:224,1
DA:227,1
DA:230,0
DA:233,0
DA:234,0
DA:237,0
DA:240,0
DA:244,0
DA:245,0
DA:248,0
DA:251,0
DA:255,1
DA:256,1
DA:259,1
DA:262,0
DA:267,0
DA:270,0
DA:278,17
DA:279,17
DA:282,17
DA:283,12
DA:284,12
DA:288,17
DA:289,16
DA:290,1
DA:291,1
DA:293,15
DA:296,1
DA:299,17
DA:300,17
DA:301,17
DA:306,17
LF:131
LH:92
BRDA:22,0,0,0
BRDA:22,0,1,11
BRDA:47,1,0,7
BRDA:47,1,1,6
BRDA:51,2,0,7
BRDA:51,2,1,0
BRDA:59,3,0,2
BRDA:59,3,1,5
BRDA:66,4,0,1
BRDA:66,4,1,1
BRDA:78,5,0,1
BRDA:78,5,1,0
BRDA:98,6,0,0
BRDA:98,6,1,0
BRDA:104,7,0,5
BRDA:104,7,1,0
BRDA:110,8,0,3
BRDA:110,8,1,1
BRDA:140,9,0,1
BRDA:140,9,1,0
BRDA:153,10,0,4
BRDA:153,10,1,2
BRDA:153,11,0,6
BRDA:153,11,1,3
BRDA:161,12,0,2
BRDA:161,12,1,2
BRDA:168,13,0,0
BRDA:168,13,1,2
BRDA:180,14,0,2
BRDA:180,14,1,0
BRDA:200,15,0,0
BRDA:200,15,1,0
BRDA:206,16,0,1
BRDA:206,16,1,1
BRDA:220,17,0,1
BRDA:220,17,1,0
BRDA:250,18,0,0
BRDA:250,18,1,0
BRDA:272,19,0,0
BRDA:272,19,1,0
BRDA:289,20,0,1
BRDA:289,20,1,15
BRF:42
BRH:26
end_of_record
TN:
SF:src/components/common/EmailVerificationBanner.tsx
FN:12,(anonymous_0)
FNF:1
FNH:1
FNDA:4,(anonymous_0)
DA:12,1
DA:16,4
DA:40,1
LF:3
LH:3
BRDA:28,0,0,4
BRDA:28,0,1,2
BRF:2
BRH:2
end_of_record
TN:
SF:src/components/common/EmotionWheel.tsx
FN:17,(anonymous_0)
FN:24,(anonymous_1)
FN:26,(anonymous_2)
FN:34,(anonymous_3)
FN:35,(anonymous_4)
FN:44,(anonymous_5)
FN:84,(anonymous_6)
FN:87,(anonymous_7)
FNF:8
FNH:8
FNDA:11,(anonymous_0)
FNDA:11,(anonymous_1)
FNDA:16,(anonymous_2)
FNDA:12,(anonymous_3)
FNDA:25,(anonymous_4)
FNDA:41,(anonymous_5)
FNDA:41,(anonymous_6)
FNDA:2,(anonymous_7)
DA:7,1
DA:17,1
DA:24,11
DA:25,11
DA:26,16
DA:33,7
DA:34,12
DA:35,25
DA:41,1
DA:44,11
DA:45,41
DA:47,4
DA:48,4
DA:49,4
DA:50,4
DA:53,3
DA:54,3
DA:55,3
DA:56,3
DA:59,1
DA:60,1
DA:61,1
DA:62,1
DA:65,1
DA:66,1
DA:67,1
DA:68,1
DA:71,1
DA:72,1
DA:73,1
DA:74,1
DA:76,1
DA:80,11
DA:82,11
DA:85,41
DA:87,2
DA:103,1
LF:37
LH:37
BRDA:20,0,0,0
BRDA:25,1,0,4
BRDA:25,1,1,7
BRDA:33,2,0,6
BRDA:33,2,1,1
BRDA:35,3,0,6
BRDA:35,3,1,0
BRDA:45,4,0,4
BRDA:45,4,1,4
BRDA:45,4,2,4
BRDA:45,4,3,4
BRDA:45,4,4,3
BRDA:45,4,5,3
BRDA:45,4,6,3
BRDA:45,4,7,3
BRDA:45,4,8,1
BRDA:45,4,9,1
BRDA:45,4,10,1
BRDA:45,4,11,1
BRDA:45,4,12,1
BRDA:45,4,13,1
BRDA:45,4,14,1
BRDA:45,4,15,1
BRDA:45,4,16,1
BRDA:45,4,17,1
BRDA:45,4,18,1
BRDA:45,4,19,1
BRDA:45,4,20,1
BRDA:90,5,0,41
BRDA:90,5,1,1
BRF:30
BRH:28
end_of_record
TN:
SF:src/components/common/Header.tsx
FN:19,(anonymous_0)
FNF:1
FNH:1
FNDA:5,(anonymous_0)
DA:19,1
DA:25,5
DA:27,5
DA:87,1
LF:4
LH:4
BRDA:23,0,0,4
BRDA:32,1,0,5
BRDA:32,1,1,5
BRDA:39,2,0,5
BRDA:39,2,1,2
BRDA:53,3,0,5
BRDA:53,3,1,2
BRDA:66,4,0,5
BRDA:66,4,1,2
BRF:9
BRH:9
end_of_record
TN:
SF:src/components/common/Input.tsx
FN:13,(anonymous_0)
FNF:1
FNH:1
FNDA:9,(anonymous_0)
DA:13,1
DA:21,9
DA:48,1
LF:3
LH:3
BRDA:18,0,0,8
BRDA:23,1,0,9
BRDA:23,1,1,1
BRDA:31,2,0,9
BRDA:31,2,1,1
BRDA:32,3,0,9
BRDA:32,3,1,2
BRDA:39,4,0,9
BRDA:39,4,1,2
BRF:9
BRH:9
end_of_record
TN:
SF:src/components/common/LoadingOverlay.tsx
FN:10,(anonymous_0)
FNF:1
FNH:1
FNDA:3,(anonymous_0)
DA:10,1
DA:11,3
DA:29,1
LF:3
LH:3
BRDA:15,0,0,3
BRDA:15,0,1,1
BRF:2
BRH:2
end_of_record
TN:
SF:src/components/common/LoadingSpinner.tsx
FN:11,(anonymous_0)
FN:18,(anonymous_1)
FN:28,(anonymous_2)
FNF:3
FNH:3
FNDA:4,(anonymous_0)
FNDA:4,(anonymous_1)
FNDA:4,(anonymous_2)
DA:11,1
DA:16,4
DA:18,4
DA:19,4
DA:26,4
DA:28,4
DA:31,4
DA:36,4
DA:53,1
LF:9
LH:9
BRDA:12,0,0,3
BRDA:13,1,0,3
BRF:2
BRH:2
end_of_record
TN:
SF:src/components/common/Logo.tsx
FN:14,(anonymous_0)
FNF:1
FNH:1
FNDA:5,(anonymous_0)
DA:14,1
DA:22,5
DA:28,5
DA:30,5
DA:45,1
LF:5
LH:5
BRDA:15,0,0,3
BRDA:16,1,0,5
BRF:2
BRH:2
end_of_record
TN:
SF:src/components/common/ManualVerification.tsx
FN:9,(anonymous_0)
FN:16,(anonymous_1)
FN:37,(anonymous_2)
FNF:3
FNH:2
FNDA:14,(anonymous_0)
FNDA:4,(anonymous_1)
FNDA:0,(anonymous_2)
DA:9,1
DA:10,14
DA:11,14
DA:12,14
DA:13,14
DA:14,14
DA:16,14
DA:17,4
DA:18,1
DA:19,1
DA:22,3
DA:23,3
DA:24,3
DA:25,3
DA:27,2
DA:28,1
DA:29,1
DA:31,1
DA:34,1
DA:37,0
DA:40,1
DA:41,1
DA:44,1
DA:45,1
DA:47,3
DA:51,14
DA:83,1
LF:27
LH:26
BRDA:17,0,0,1
BRDA:17,0,1,3
BRDA:27,1,0,1
BRDA:27,1,1,1
BRDA:76,2,0,14
BRDA:76,2,1,11
BRF:6
BRH:6
end_of_record
TN:
SF:src/components/common/NotificationBadge.tsx
FN:14,(anonymous_0)
FN:22,(anonymous_1)
FNF:2
FNH:2
FNDA:8,(anonymous_0)
FNDA:8,(anonymous_1)
DA:14,1
DA:19,8
DA:20,8
DA:22,8
DA:23,8
DA:24,7
DA:37,1
DA:45,8
DA:47,8
DA:75,1
LF:10
LH:10
BRDA:15,0,0,7
BRDA:16,1,0,7
BRDA:23,2,0,7
BRDA:23,2,1,1
BRDA:45,3,0,2
BRDA:45,3,1,6
BRDA:54,4,0,8
BRDA:54,4,1,7
BRDA:67,5,0,1
BRDA:67,5,1,6
BRF:10
BRH:10
end_of_record
TN:
SF:src/components/common/ProgressBar.tsx
FN:12,(anonymous_0)
FNF:1
FNH:1
FNDA:11,(anonymous_0)
DA:12,1
DA:18,11
DA:20,11
DA:36,1
LF:4
LH:4
BRDA:14,0,0,10
BRDA:16,1,0,10
BRF:2
BRH:2
end_of_record
TN:
SF:src/components/common/SearchInput.tsx
FN:12,(anonymous_0)
FNF:1
FNH:1
FNDA:8,(anonymous_0)
DA:12,1
DA:20,8
DA:57,1
LF:3
LH:3
BRDA:16,0,0,7
BRDA:40,1,0,3
BRDA:40,1,1,5
BRF:3
BRH:3
end_of_record
TN:
SF:src/components/common/TabBar.tsx
FN:17,(anonymous_0)
FN:24,(anonymous_1)
FN:39,(anonymous_2)
FN:46,(anonymous_3)
FNF:4
FNH:4
FNDA:4,(anonymous_0)
FNDA:2,(anonymous_1)
FNDA:12,(anonymous_2)
FNDA:2,(anonymous_3)
DA:17,1
DA:22,4
DA:24,4
DA:25,2
DA:31,2
DA:32,1
DA:36,4
DA:40,12
DA:46,2
DA:68,1
LF:10
LH:10
BRDA:31,0,0,1
BRDA:31,0,1,1
BRDA:44,1,0,12
BRDA:44,1,1,4
BRDA:50,2,0,4
BRDA:50,2,1,8
BRDA:56,3,0,4
BRDA:56,3,1,8
BRF:8
BRH:8
end_of_record
TN:
SF:src/components/common/Toast.tsx
FN:15,(anonymous_0)
FN:26,(anonymous_1)
FN:41,(anonymous_2)
FN:45,(anonymous_3)
FN:49,(anonymous_4)
FN:61,(anonymous_5)
FN:64,(anonymous_6)
FNF:7
FNH:4
FNDA:6,(anonymous_0)
FNDA:6,(anonymous_1)
FNDA:0,(anonymous_2)
FNDA:6,(anonymous_3)
FNDA:0,(anonymous_4)
FNDA:0,(anonymous_5)
FNDA:6,(anonymous_6)
DA:15,1
DA:23,6
DA:24,6
DA:26,6
DA:27,6
DA:28,6
DA:41,6
DA:42,0
DA:45,6
DA:49,6
DA:50,0
DA:61,0
DA:64,6
DA:65,6
DA:67,1
DA:69,1
DA:71,4
DA:75,6
DA:94,1
LF:19
LH:16
BRDA:17,0,0,4
BRDA:20,1,0,6
BRDA:27,2,0,6
BRDA:27,2,1,0
BRDA:65,3,0,1
BRDA:65,3,1,1
BRDA:65,3,2,4
BRF:7
BRH:6
end_of_record
TN:
SF:src/components/common/Typography.tsx
FN:14,(anonymous_0)
FN:22,(anonymous_1)
FNF:2
FNH:2
FNDA:123,(anonymous_0)
FNDA:123,(anonymous_1)
DA:14,11
DA:22,123
DA:23,123
DA:24,7
DA:29,7
DA:32,123
DA:48,11
LF:7
LH:7
BRDA:16,0,0,66
BRDA:19,1,0,116
BRDA:23,2,0,116
BRDA:23,2,1,7
BRDA:37,3,0,123
BRDA:37,3,1,34
BRF:6
BRH:6
end_of_record
TN:
SF:src/components/common/VideoBackground.tsx
FN:5,(anonymous_0)
FNF:1
FNH:1
FNDA:1,(anonymous_0)
DA:5,1
DA:6,1
DA:19,1
LF:3
LH:3
BRF:0
BRH:0
end_of_record
TN:
SF:src/components/common/index.ts
FNF:0
FNH:0
LF:0
LH:0
BRF:0
BRH:0
end_of_record
TN:
SF:src/components/home/RecentBadges.tsx
FN:9,(anonymous_0)
FN:13,(anonymous_1)
FN:19,(anonymous_2)
FN:26,(anonymous_3)
FN:37,(anonymous_4)
FN:56,(anonymous_5)
FN:69,(anonymous_6)
FN:70,(anonymous_7)
FNF:8
FNH:4
FNDA:2,(anonymous_0)
FNDA:2,(anonymous_1)
FNDA:3,(anonymous_2)
FNDA:0,(anonymous_3)
FNDA:0,(anonymous_4)
FNDA:0,(anonymous_5)
FNDA:3,(anonymous_6)
FNDA:0,(anonymous_7)
DA:9,1
DA:10,2
DA:11,2
DA:13,2
DA:14,2
DA:18,2
DA:19,3
DA:22,2
DA:23,1
DA:26,1
DA:27,0
DA:28,0
DA:29,0
DA:30,0
DA:31,0
DA:32,0
DA:33,0
DA:37,1
DA:38,0
DA:39,0
DA:40,0
DA:41,0
DA:42,0
DA:43,0
DA:44,0
DA:48,1
DA:56,0
DA:70,3
DA:71,3
DA:73,0
DA:108,1
LF:31
LH:15
BRDA:22,0,0,1
BRDA:22,0,1,1
BRDA:27,1,0,0
BRDA:27,1,1,0
BRDA:27,1,2,0
BRDA:27,1,3,0
BRDA:27,1,4,0
BRDA:27,1,5,0
BRDA:38,2,0,0
BRDA:38,2,1,0
BRDA:38,2,2,0
BRDA:38,2,3,0
BRDA:38,2,4,0
BRDA:38,2,5,0
BRDA:71,3,0,3
BRDA:71,3,1,0
BRF:16
BRH:3
end_of_record
TN:
SF:src/components/home/StreakSummary.tsx
FN:9,(anonymous_0)
FN:15,(anonymous_1)
FNF:2
FNH:2
FNDA:2,(anonymous_0)
FNDA:2,(anonymous_1)
DA:9,1
DA:10,2
DA:13,2
DA:15,2
DA:16,2
DA:17,2
DA:19,2
DA:20,1
DA:21,1
DA:22,0
DA:24,1
DA:28,2
DA:30,2
DA:31,1
DA:34,1
DA:76,1
LF:16
LH:15
BRDA:19,0,0,1
BRDA:19,0,1,1
BRDA:21,1,0,0
BRDA:21,1,1,1
BRDA:30,2,0,1
BRDA:30,2,1,1
BRF:6
BRH:5
end_of_record
TN:
SF:src/components/insights/EmotionalCalendarView.tsx
FN:13,(anonymous_0)
FN:14,(anonymous_1)
FN:49,(anonymous_2)
FN:55,(anonymous_3)
FN:66,(anonymous_4)
FN:74,(anonymous_5)
FN:90,(anonymous_6)
FN:98,(anonymous_7)
FN:119,(anonymous_8)
FN:127,(anonymous_9)
FN:131,(anonymous_10)
FN:137,(anonymous_11)
FN:166,(anonymous_12)
FN:180,(anonymous_13)
FNF:14
FNH:14
FNDA:5,(anonymous_0)
FNDA:5,(anonymous_1)
FNDA:18,(anonymous_2)
FNDA:2,(anonymous_3)
FNDA:81,(anonymous_4)
FNDA:13,(anonymous_5)
FNDA:13,(anonymous_6)
FNDA:81,(anonymous_7)
FNDA:35,(anonymous_8)
FNDA:16,(anonymous_9)
FNDA:6,(anonymous_10)
FNDA:81,(anonymous_11)
FNDA:25,(anonymous_12)
FNDA:12,(anonymous_13)
DA:13,1
DA:14,5
DA:16,5
DA:17,5
DA:20,5
DA:22,3
DA:23,3
DA:24,3
DA:26,1
DA:27,1
DA:28,1
DA:30,1
DA:31,1
DA:35,5
DA:38,5
DA:39,5
DA:41,5
DA:42,81
DA:43,81
DA:44,81
DA:45,81
DA:49,5
DA:50,18
DA:51,18
DA:52,14
DA:55,14
DA:57,14
DA:58,1
DA:60,13
DA:66,5
DA:67,81
DA:68,81
DA:71,81
DA:72,81
DA:74,81
DA:75,13
DA:76,12
DA:77,12
DA:82,81
DA:84,81
DA:90,13
DA:95,5
DA:96,5
DA:98,5
DA:99,81
DA:100,11
DA:101,11
DA:103,81
DA:106,5
DA:107,5
DA:110,5
DA:113,5
DA:115,5
DA:120,35
DA:128,16
DA:132,6
DA:138,81
DA:167,25
DA:180,1
DA:181,12
DA:182,4
DA:183,3
DA:184,3
DA:185,0
DA:186,0
DA:187,2
DA:188,0
DA:189,0
DA:190,0
DA:194,1
LF:70
LH:65
BRDA:20,0,0,3
BRDA:20,0,1,1
BRDA:20,0,2,1
BRDA:51,1,0,14
BRDA:51,1,1,4
BRDA:51,2,0,18
BRDA:51,2,1,14
BRDA:57,3,0,1
BRDA:57,3,1,13
BRDA:75,4,0,12
BRDA:75,4,1,1
BRDA:82,5,0,12
BRDA:82,5,1,69
BRDA:99,6,0,11
BRDA:99,6,1,70
BRDA:99,7,0,81
BRDA:99,7,1,13
BRDA:106,8,0,5
BRDA:106,8,1,0
BRDA:130,9,0,16
BRDA:130,9,1,5
BRDA:130,9,2,3
BRDA:142,10,0,12
BRDA:142,10,1,69
BRDA:143,11,0,81
BRDA:143,11,1,12
BRDA:149,12,0,81
BRDA:149,12,1,12
BRDA:154,13,0,81
BRDA:154,13,1,12
BRDA:165,14,0,16
BRDA:165,14,1,5
BRDA:165,14,2,5
BRDA:181,15,0,4
BRDA:181,15,1,3
BRDA:181,15,2,3
BRDA:181,15,3,0
BRDA:181,15,4,0
BRDA:181,15,5,2
BRDA:181,15,6,0
BRDA:181,15,7,0
BRDA:181,15,8,0
BRF:42
BRH:36
end_of_record
TN:
SF:src/components/insights/EmotionalGrowthChart.tsx
FN:14,(anonymous_0)
FN:15,(anonymous_1)
FN:35,(anonymous_2)
FN:36,(anonymous_3)
FN:41,(anonymous_4)
FN:52,(anonymous_5)
FN:54,(anonymous_6)
FN:59,(anonymous_7)
FN:66,(anonymous_8)
FN:87,(anonymous_9)
FN:91,(anonymous_10)
FN:118,(anonymous_11)
FN:123,(anonymous_12)
FN:126,(anonymous_13)
FN:134,(anonymous_14)
FN:197,(anonymous_15)
FNF:16
FNH:15
FNDA:7,(anonymous_0)
FNDA:7,(anonymous_1)
FNDA:23,(anonymous_2)
FNDA:16,(anonymous_3)
FNDA:12,(anonymous_4)
FNDA:9,(anonymous_5)
FNDA:12,(anonymous_6)
FNDA:12,(anonymous_7)
FNDA:12,(anonymous_8)
FNDA:0,(anonymous_9)
FNDA:9,(anonymous_10)
FNDA:39,(anonymous_11)
FNDA:8,(anonymous_12)
FNDA:18,(anonymous_13)
FNDA:4,(anonymous_14)
FNDA:9,(anonymous_15)
DA:14,1
DA:15,7
DA:17,7
DA:20,7
DA:22,5
DA:23,5
DA:24,5
DA:26,1
DA:27,1
DA:28,1
DA:30,1
DA:34,7
DA:35,23
DA:36,16
DA:39,7
DA:41,7
DA:42,12
DA:43,12
DA:44,9
DA:46,12
DA:50,7
DA:52,7
DA:54,12
DA:55,9
DA:58,9
DA:59,9
DA:60,12
DA:63,9
DA:64,9
DA:66,9
DA:67,12
DA:68,9
DA:69,9
DA:73,9
DA:75,9
DA:84,7
DA:85,7
DA:86,0
DA:87,0
DA:91,9
DA:92,7
DA:93,7
DA:96,7
DA:100,7
DA:108,7
DA:109,7
DA:110,7
DA:113,7
DA:114,7
DA:115,7
DA:118,7
DA:119,39
DA:123,7
DA:124,8
DA:126,8
DA:127,18
DA:128,18
DA:129,18
DA:134,7
DA:135,4
DA:137,4
DA:138,4
DA:139,4
DA:140,4
DA:142,4
DA:145,7
DA:198,9
DA:237,1
LF:68
LH:66
BRDA:20,0,0,5
BRDA:20,0,1,1
BRDA:20,0,2,1
BRDA:43,1,0,9
BRDA:43,1,1,3
BRDA:60,2,0,12
BRDA:60,2,1,12
BRDA:67,3,0,9
BRDA:67,3,1,3
BRDA:79,4,0,9
BRDA:79,4,1,0
BRDA:85,5,0,0
BRDA:85,5,1,7
BRDA:85,6,0,7
BRDA:85,6,1,1
BRDA:96,7,0,2
BRDA:96,7,1,5
BRDA:124,8,0,0
BRDA:124,8,1,8
BRDA:129,9,0,8
BRDA:129,9,1,10
BRDA:135,10,0,0
BRDA:135,10,1,4
BRDA:147,11,0,3
BRDA:147,11,1,4
BRDA:158,12,0,4
BRDA:158,12,1,2
BRDA:161,13,0,2
BRDA:161,13,1,0
BRDA:163,14,0,2
BRDA:163,14,1,0
BRDA:212,15,0,4
BRDA:212,15,1,4
BRDA:218,16,0,4
BRDA:218,16,1,2
BRF:35
BRH:29
end_of_record
TN:
SF:src/components/insights/EmotionalWordCloud.tsx
FN:33,(anonymous_0)
FN:36,(anonymous_1)
FN:53,(anonymous_2)
FN:78,(anonymous_3)
FN:93,(anonymous_4)
FN:101,(anonymous_5)
FN:104,(anonymous_6)
FN:129,(anonymous_7)
FN:134,(anonymous_8)
FN:149,(anonymous_9)
FN:153,(anonymous_10)
FN:154,(anonymous_11)
FN:163,(anonymous_12)
FN:201,(anonymous_13)
FNF:14
FNH:14
FNDA:4,(anonymous_0)
FNDA:3,(anonymous_1)
FNDA:30,(anonymous_2)
FNDA:4,(anonymous_3)
FNDA:3,(anonymous_4)
FNDA:25,(anonymous_5)
FNDA:17,(anonymous_6)
FNDA:17,(anonymous_7)
FNDA:17,(anonymous_8)
FNDA:16,(anonymous_9)
FNDA:17,(anonymous_10)
FNDA:17,(anonymous_11)
FNDA:17,(anonymous_12)
FNDA:47,(anonymous_13)
DA:33,1
DA:36,4
DA:37,3
DA:50,3
DA:51,3
DA:53,3
DA:54,30
DA:55,30
DA:58,30
DA:59,30
DA:60,30
DA:61,30
DA:64,30
DA:66,30
DA:78,4
DA:79,4
DA:82,4
DA:83,2
DA:87,2
DA:88,2
DA:91,2
DA:93,2
DA:94,3
DA:95,2
DA:98,2
DA:101,25
DA:104,2
DA:105,17
DA:106,17
DA:109,17
DA:112,17
DA:113,17
DA:115,17
DA:119,2
DA:120,2
DA:123,2
DA:124,1
DA:128,1
DA:131,17
DA:132,17
DA:134,17
DA:135,17
DA:136,17
DA:137,17
DA:141,17
DA:143,17
DA:149,16
DA:153,17
DA:154,17
DA:155,1
DA:158,1
DA:159,1
DA:160,1
DA:163,1
DA:165,17
DA:166,17
DA:169,17
DA:170,17
DA:171,17
DA:172,17
DA:175,17
DA:177,17
DA:186,1
DA:189,4
DA:190,0
DA:199,4
DA:202,47
DA:223,1
LF:68
LH:67
BRDA:69,0,0,30
BRDA:69,0,1,0
BRDA:82,1,0,2
BRDA:82,1,1,2
BRDA:94,2,0,1
BRDA:94,2,1,2
BRDA:94,3,0,3
BRDA:94,3,1,3
BRDA:101,4,0,25
BRDA:101,4,1,18
BRDA:105,5,0,17
BRDA:105,5,1,0
BRDA:112,6,0,17
BRDA:112,6,1,0
BRDA:123,7,0,1
BRDA:123,7,1,1
BRDA:135,8,0,17
BRDA:135,8,1,0
BRDA:146,9,0,17
BRDA:146,9,1,0
BRDA:189,10,0,0
BRDA:189,10,1,4
BRF:22
BRH:16
end_of_record
TN:
SF:src/components/insights/index.ts
FNF:0
FNH:0
LF:0
LH:0
BRF:0
BRH:0
end_of_record
TN:
SF:src/components/profile/AchievementsTab.tsx
FN:9,(anonymous_0)
FN:77,(anonymous_1)
FN:148,(anonymous_2)
FN:167,(anonymous_3)
FN:167,(anonymous_4)
FN:168,(anonymous_5)
FNF:6
FNH:6
FNDA:6,(anonymous_0)
FNDA:18,(anonymous_1)
FNDA:3,(anonymous_2)
FNDA:18,(anonymous_3)
FNDA:9,(anonymous_4)
FNDA:15,(anonymous_5)
DA:9,1
DA:10,6
DA:11,6
DA:13,6
DA:15,6
DA:77,6
DA:78,18
DA:79,18
DA:81,18
DA:144,6
DA:149,3
DA:167,18
DA:168,15
LF:13
LH:13
BRDA:13,0,0,6
BRDA:13,0,1,1
BRDA:78,1,0,3
BRDA:78,1,1,15
BRDA:79,2,0,18
BRDA:79,2,1,0
BRDA:86,3,0,3
BRDA:86,3,1,15
BRDA:88,4,0,3
BRDA:88,4,1,15
BRDA:95,5,0,3
BRDA:95,5,1,15
BRDA:96,6,0,3
BRDA:96,6,1,15
BRDA:103,7,0,3
BRDA:103,7,1,15
BRDA:110,8,0,3
BRDA:110,8,1,15
BRDA:111,9,0,3
BRDA:111,9,1,15
BRDA:118,10,0,3
BRDA:118,10,1,15
BRDA:127,11,0,3
BRDA:127,11,1,15
BRDA:128,12,0,3
BRDA:128,12,1,15
BRDA:130,13,0,3
BRDA:130,13,1,15
BRDA:130,14,0,12
BRDA:130,14,1,3
BRDA:134,15,0,3
BRDA:134,15,1,15
BRDA:135,16,0,3
BRDA:135,16,1,15
BRDA:146,17,0,3
BRDA:146,17,1,3
BRF:36
BRH:35
end_of_record
TN:
SF:src/components/profile/BadgesTab.tsx
FN:24,(anonymous_0)
FN:30,(anonymous_1)
FN:38,(anonymous_2)
FN:39,(anonymous_3)
FN:41,(anonymous_4)
FN:117,(anonymous_5)
FN:132,(anonymous_6)
FN:132,(anonymous_7)
FN:133,(anonymous_8)
FNF:9
FNH:9
FNDA:8,(anonymous_0)
FNDA:7,(anonymous_1)
FNDA:18,(anonymous_2)
FNDA:18,(anonymous_3)
FNDA:18,(anonymous_4)
FNDA:4,(anonymous_5)
FNDA:18,(anonymous_6)
FNDA:12,(anonymous_7)
FNDA:14,(anonymous_8)
DA:8,1
DA:16,1
DA:24,1
DA:25,8
DA:28,8
DA:30,7
DA:31,7
DA:38,18
DA:39,18
DA:41,7
DA:42,18
DA:43,18
DA:45,18
DA:108,7
DA:118,4
DA:132,18
DA:133,14
DA:140,1
LF:18
LH:18
BRDA:38,0,0,18
BRDA:38,0,1,0
BRDA:39,1,0,18
BRDA:39,1,1,0
BRDA:50,2,0,4
BRDA:50,2,1,14
BRDA:52,3,0,4
BRDA:52,3,1,14
BRDA:59,4,0,4
BRDA:59,4,1,14
BRDA:60,5,0,4
BRDA:60,5,1,14
BRDA:67,6,0,4
BRDA:67,6,1,14
BRDA:74,7,0,4
BRDA:74,7,1,14
BRDA:75,8,0,4
BRDA:75,8,1,14
BRDA:82,9,0,4
BRDA:82,9,1,14
BRDA:91,10,0,4
BRDA:91,10,1,14
BRDA:92,11,0,4
BRDA:92,11,1,14
BRDA:94,12,0,4
BRDA:94,12,1,14
BRDA:98,13,0,4
BRDA:98,13,1,14
BRDA:99,14,0,4
BRDA:99,14,1,14
BRDA:116,15,0,4
BRDA:116,15,1,3
BRF:32
BRH:30
end_of_record
TN:
SF:src/components/profile/StreaksTab.tsx
FN:8,(anonymous_0)
FN:14,(anonymous_1)
FN:22,(anonymous_2)
FN:35,(anonymous_3)
FN:48,(anonymous_4)
FN:61,(anonymous_5)
FN:71,(anonymous_6)
FNF:7
FNH:7
FNDA:4,(anonymous_0)
FNDA:3,(anonymous_1)
FNDA:9,(anonymous_2)
FNDA:9,(anonymous_3)
FNDA:9,(anonymous_4)
FNDA:9,(anonymous_5)
FNDA:9,(anonymous_6)
DA:8,1
DA:9,4
DA:12,4
DA:14,3
DA:15,3
DA:22,3
DA:23,9
DA:25,3
DA:27,3
DA:29,3
DA:31,0
DA:35,3
DA:36,9
DA:38,3
DA:40,3
DA:42,3
DA:44,0
DA:48,3
DA:49,9
DA:51,3
DA:53,3
DA:55,3
DA:57,0
DA:61,3
DA:62,9
DA:63,4
DA:64,5
DA:65,0
DA:67,5
DA:71,3
DA:72,9
DA:73,9
DA:74,9
DA:75,9
DA:76,9
DA:78,9
DA:138,3
DA:173,1
LF:38
LH:34
BRDA:23,0,0,3
BRDA:23,0,1,3
BRDA:23,0,2,3
BRDA:23,0,3,0
BRDA:36,1,0,3
BRDA:36,1,1,3
BRDA:36,1,2,3
BRDA:36,1,3,0
BRDA:49,2,0,3
BRDA:49,2,1,3
BRDA:49,2,2,3
BRDA:49,2,3,0
BRDA:62,3,0,4
BRDA:62,3,1,5
BRDA:64,4,0,0
BRDA:64,4,1,5
BRDA:82,5,0,5
BRDA:82,5,1,4
BRDA:89,6,0,5
BRDA:89,6,1,4
BRDA:90,7,0,5
BRDA:90,7,1,4
BRDA:97,8,0,5
BRDA:97,8,1,4
BRDA:104,9,0,5
BRDA:104,9,1,4
BRDA:105,10,0,5
BRDA:105,10,1,4
BRDA:112,11,0,5
BRDA:112,11,1,4
BRDA:122,12,0,5
BRDA:122,12,1,4
BRDA:123,13,0,5
BRDA:123,13,1,4
BRDA:129,14,0,5
BRDA:129,14,1,4
BRDA:131,15,0,0
BRDA:131,15,1,9
BRF:38
BRH:33
end_of_record
TN:
SF:src/config/constants.ts
FNF:0
FNH:0
DA:4,1
DA:11,1
LF:2
LH:2
BRDA:6,0,0,1
BRDA:6,0,1,1
BRDA:7,1,0,1
BRDA:7,1,1,1
BRDA:12,2,0,1
BRDA:12,2,1,1
BRF:6
BRH:6
end_of_record
TN:
SF:src/constants/emotions.ts
FN:80,(anonymous_0)
FN:89,(anonymous_1)
FN:107,(anonymous_2)
FN:109,(anonymous_3)
FNF:4
FNH:0
FNDA:0,(anonymous_0)
FNDA:0,(anonymous_1)
FNDA:0,(anonymous_2)
FNDA:0,(anonymous_3)
DA:16,2
DA:33,2
DA:80,2
DA:82,0
DA:85,0
DA:86,0
DA:87,0
DA:89,0
DA:90,0
DA:91,0
DA:96,0
DA:97,0
DA:104,0
DA:107,2
DA:108,0
DA:109,0
DA:110,0
DA:111,0
DA:113,0
LF:19
LH:4
BRDA:82,0,0,0
BRDA:82,0,1,0
BRDA:86,1,0,0
BRDA:86,1,1,0
BRDA:90,2,0,0
BRDA:90,2,1,0
BRDA:96,3,0,0
BRDA:96,3,1,0
BRF:8
BRH:0
end_of_record
TN:
SF:src/constants/theme.ts
FNF:0
FNH:0
DA:1,22
DA:41,22
DA:64,22
DA:73,22
DA:81,22
LF:5
LH:5
BRF:0
BRH:0
end_of_record
TN:
SF:src/contexts/AchievementsContext.tsx
FN:18,(anonymous_0)
FN:26,(anonymous_1)
FN:32,(anonymous_2)
FN:92,(anonymous_3)
FN:176,(anonymous_4)
FN:181,(anonymous_5)
FN:185,(anonymous_6)
FN:186,(anonymous_7)
FN:189,(anonymous_8)
FN:193,(anonymous_9)
FN:217,(anonymous_10)
FN:223,(anonymous_11)
FN:226,(anonymous_12)
FNF:13
FNH:10
FNDA:23,(anonymous_0)
FNDA:23,(anonymous_1)
FNDA:12,(anonymous_2)
FNDA:12,(anonymous_3)
FNDA:12,(anonymous_4)
FNDA:11,(anonymous_5)
FNDA:2,(anonymous_6)
FNDA:6,(anonymous_7)
FNDA:4,(anonymous_8)
FNDA:0,(anonymous_9)
FNDA:3,(anonymous_10)
FNDA:0,(anonymous_11)
FNDA:0,(anonymous_12)
DA:16,2
DA:18,2
DA:19,23
DA:20,23
DA:21,0
DA:23,23
DA:26,2
DA:27,23
DA:28,23
DA:29,23
DA:30,23
DA:32,23
DA:33,12
DA:36,12
DA:84,12
DA:85,12
DA:87,0
DA:88,0
DA:92,23
DA:93,12
DA:95,0
DA:97,0
DA:103,0
DA:104,0
DA:105,0
DA:106,0
DA:109,0
DA:110,0
DA:113,0
DA:114,0
DA:132,0
DA:133,0
DA:150,0
DA:151,0
DA:168,0
DA:169,0
DA:171,0
DA:172,0
DA:176,23
DA:177,12
DA:178,12
DA:181,23
DA:182,11
DA:185,23
DA:186,6
DA:189,23
DA:190,4
DA:193,0
DA:194,0
DA:196,0
DA:197,0
DA:199,0
DA:205,0
DA:208,0
DA:211,0
DA:213,0
DA:217,23
DA:218,3
DA:220,0
DA:223,0
DA:224,0
DA:226,0
DA:230,0
DA:231,0
DA:232,0
DA:235,0
DA:238,23
LF:67
LH:29
BRDA:20,0,0,0
BRDA:20,0,1,23
BRDA:93,1,0,12
BRDA:93,1,1,0
BRDA:103,2,0,0
BRDA:103,2,1,0
BRDA:109,3,0,0
BRDA:109,3,1,0
BRDA:113,4,0,0
BRDA:113,4,1,0
BRDA:132,5,0,0
BRDA:132,5,1,0
BRDA:150,6,0,0
BRDA:150,6,1,0
BRDA:190,7,0,4
BRDA:190,7,1,0
BRDA:194,8,0,0
BRDA:194,8,1,0
BRDA:205,9,0,0
BRDA:205,9,1,0
BRDA:208,10,0,0
BRDA:208,10,1,0
BRDA:217,11,0,0
BRDA:218,12,0,3
BRDA:218,12,1,0
BRDA:224,13,0,0
BRDA:224,13,1,0
BRDA:224,13,2,0
BRF:28
BRH:4
end_of_record
TN:
SF:src/contexts/AppStateContext.tsx
FN:13,AppStateProvider
FN:16,(anonymous_1)
FN:20,(anonymous_2)
FN:24,(anonymous_3)
FN:42,useAppState
FNF:5
FNH:5
FNDA:5,AppStateProvider
FNDA:2,(anonymous_1)
FNDA:1,(anonymous_2)
FNDA:1,(anonymous_3)
FNDA:7,useAppState
DA:11,2
DA:14,5
DA:16,5
DA:17,2
DA:20,5
DA:21,1
DA:24,5
DA:25,1
DA:28,5
DA:35,5
DA:43,7
DA:44,7
DA:45,2
DA:47,5
LF:14
LH:14
BRDA:44,0,0,2
BRDA:44,0,1,5
BRF:2
BRH:2
end_of_record
TN:
SF:src/contexts/AuthContext.tsx
FN:30,AuthProvider
FN:42,(anonymous_1)
FN:50,(anonymous_2)
FN:64,(anonymous_3)
FN:87,(anonymous_4)
FN:112,(anonymous_5)
FN:114,(anonymous_6)
FN:116,(anonymous_7)
FN:129,(anonymous_8)
FN:131,(anonymous_9)
FN:142,(anonymous_10)
FN:147,(anonymous_11)
FN:172,(anonymous_12)
FN:183,(anonymous_13)
FN:256,(anonymous_14)
FN:282,(anonymous_15)
FN:292,(anonymous_16)
FN:302,(anonymous_17)
FN:333,useAuth
FNF:19
FNH:17
FNDA:32,AuthProvider
FNDA:18,(anonymous_1)
FNDA:3,(anonymous_2)
FNDA:1,(anonymous_3)
FNDA:1,(anonymous_4)
FNDA:16,(anonymous_5)
FNDA:16,(anonymous_6)
FNDA:16,(anonymous_7)
FNDA:0,(anonymous_8)
FNDA:0,(anonymous_9)
FNDA:16,(anonymous_10)
FNDA:1,(anonymous_11)
FNDA:2,(anonymous_12)
FNDA:1,(anonymous_13)
FNDA:2,(anonymous_14)
FNDA:2,(anonymous_15)
FNDA:2,(anonymous_16)
FNDA:2,(anonymous_17)
FNDA:32,useAuth
DA:28,2
DA:31,32
DA:38,32
DA:39,32
DA:42,32
DA:43,18
DA:46,4
DA:50,32
DA:51,3
DA:52,3
DA:53,3
DA:55,2
DA:56,1
DA:57,1
DA:60,1
DA:61,1
DA:62,1
DA:64,1
DA:71,1
DA:72,1
DA:76,1
DA:78,1
DA:80,2
DA:81,2
DA:82,2
DA:87,32
DA:88,1
DA:89,1
DA:97,1
DA:104,1
DA:106,0
DA:107,0
DA:108,0
DA:112,32
DA:114,16
DA:115,16
DA:116,16
DA:125,16
DA:129,16
DA:130,0
DA:131,0
DA:139,0
DA:142,16
DA:143,16
DA:147,32
DA:148,1
DA:149,1
DA:151,1
DA:159,1
DA:163,1
DA:165,1
DA:167,0
DA:168,0
DA:172,32
DA:173,2
DA:174,2
DA:179,2
DA:182,1
DA:183,1
DA:188,1
DA:190,1
DA:191,1
DA:194,1
DA:199,0
DA:200,0
DA:202,0
DA:204,0
DA:205,0
DA:208,0
DA:214,0
DA:215,0
DA:216,0
DA:217,0
DA:220,0
DA:226,0
DA:227,0
DA:228,0
DA:230,0
DA:233,0
DA:234,0
DA:237,0
DA:240,0
DA:244,1
DA:248,0
DA:251,1
DA:252,1
DA:256,32
DA:257,2
DA:259,2
DA:263,2
DA:265,2
DA:273,0
DA:275,0
DA:277,2
DA:278,2
DA:282,32
DA:283,2
DA:284,2
DA:285,2
DA:287,1
DA:288,1
DA:292,32
DA:293,2
DA:294,2
DA:295,2
DA:297,1
DA:298,1
DA:302,32
DA:303,2
DA:304,2
DA:307,2
DA:309,1
DA:310,1
DA:314,32
DA:334,32
DA:335,32
DA:336,0
DA:338,32
LF:118
LH:87
BRDA:43,0,0,14
BRDA:43,0,1,4
BRDA:55,1,0,1
BRDA:55,1,1,1
BRDA:71,2,0,1
BRDA:71,2,1,0
BRDA:76,3,0,1
BRDA:76,3,1,0
BRDA:81,4,0,1
BRDA:81,4,1,1
BRDA:115,5,0,16
BRDA:115,5,1,14
BRDA:119,6,0,16
BRDA:119,6,1,14
BRDA:125,7,0,16
BRDA:125,7,1,14
BRDA:130,8,0,0
BRDA:130,8,1,0
BRDA:134,9,0,0
BRDA:134,9,1,0
BRDA:139,10,0,0
BRDA:139,10,1,0
BRDA:159,11,0,0
BRDA:159,11,1,1
BRDA:167,12,0,0
BRDA:167,12,1,0
BRDA:179,13,0,1
BRDA:179,13,1,1
BRDA:188,14,0,1
BRDA:188,14,1,0
BRDA:199,15,0,0
BRDA:199,15,1,0
BRDA:202,16,0,0
BRDA:202,16,1,0
BRDA:204,17,0,0
BRDA:204,17,1,0
BRDA:204,18,0,0
BRDA:204,18,1,0
BRDA:214,19,0,0
BRDA:214,19,1,0
BRDA:216,20,0,0
BRDA:216,20,1,0
BRDA:226,21,0,0
BRDA:226,21,1,0
BRDA:227,22,0,0
BRDA:227,22,1,0
BRDA:251,23,0,0
BRDA:251,23,1,1
BRDA:259,24,0,0
BRDA:259,24,1,2
BRDA:273,25,0,0
BRDA:273,25,1,0
BRDA:277,26,0,2
BRDA:277,26,1,0
BRDA:285,27,0,1
BRDA:285,27,1,1
BRDA:287,28,0,0
BRDA:287,28,1,1
BRDA:295,29,0,1
BRDA:295,29,1,1
BRDA:297,30,0,0
BRDA:297,30,1,1
BRDA:307,31,0,1
BRDA:307,31,1,1
BRDA:309,32,0,0
BRDA:309,32,1,1
BRDA:335,33,0,0
BRDA:335,33,1,32
BRF:68
BRH:31
end_of_record
TN:
SF:src/contexts/BadgeContext.tsx
FN:37,(anonymous_0)
FN:45,(anonymous_1)
FN:57,(anonymous_2)
FN:87,(anonymous_3)
FN:107,(anonymous_4)
FN:166,(anonymous_5)
FN:201,(anonymous_6)
FN:237,(anonymous_7)
FN:240,(anonymous_8)
FN:253,(anonymous_9)
FN:263,(anonymous_10)
FN:359,(anonymous_11)
FN:372,(anonymous_12)
FN:374,(anonymous_13)
FN:375,(anonymous_14)
FN:379,(anonymous_15)
FN:386,(anonymous_16)
FN:387,(anonymous_17)
FN:390,(anonymous_18)
FN:391,(anonymous_19)
FN:394,(anonymous_20)
FN:469,(anonymous_21)
FN:501,(anonymous_22)
FNF:23
FNH:3
FNDA:15,(anonymous_0)
FNDA:15,(anonymous_1)
FNDA:0,(anonymous_2)
FNDA:0,(anonymous_3)
FNDA:0,(anonymous_4)
FNDA:0,(anonymous_5)
FNDA:0,(anonymous_6)
FNDA:0,(anonymous_7)
FNDA:0,(anonymous_8)
FNDA:0,(anonymous_9)
FNDA:0,(anonymous_10)
FNDA:0,(anonymous_11)
FNDA:15,(anonymous_12)
FNDA:0,(anonymous_13)
FNDA:0,(anonymous_14)
FNDA:0,(anonymous_15)
FNDA:0,(anonymous_16)
FNDA:0,(anonymous_17)
FNDA:0,(anonymous_18)
FNDA:0,(anonymous_19)
FNDA:0,(anonymous_20)
FNDA:0,(anonymous_21)
FNDA:0,(anonymous_22)
DA:35,2
DA:37,2
DA:38,15
DA:39,15
DA:40,0
DA:42,15
DA:45,2
DA:46,15
DA:47,15
DA:48,15
DA:49,15
DA:50,15
DA:51,15
DA:52,15
DA:53,15
DA:54,15
DA:55,15
DA:57,15
DA:58,0
DA:60,0
DA:61,0
DA:62,0
DA:65,0
DA:70,0
DA:71,0
DA:74,0
DA:77,0
DA:82,0
DA:83,0
DA:86,0
DA:87,0
DA:88,0
DA:89,0
DA:93,0
DA:97,0
DA:100,0
DA:102,0
DA:103,0
DA:107,15
DA:108,0
DA:109,0
DA:111,0
DA:112,0
DA:115,0
DA:120,0
DA:121,0
DA:123,0
DA:124,0
DA:127,0
DA:128,0
DA:129,0
DA:130,0
DA:131,0
DA:133,0
DA:136,0
DA:139,0
DA:143,0
DA:144,0
DA:146,0
DA:147,0
DA:148,0
DA:149,0
DA:150,0
DA:152,0
DA:154,0
DA:158,0
DA:160,0
DA:162,0
DA:166,15
DA:167,0
DA:169,0
DA:170,0
DA:172,0
DA:173,0
DA:176,0
DA:181,0
DA:182,0
DA:183,0
DA:186,0
DA:189,0
DA:190,0
DA:191,0
DA:194,0
DA:196,0
DA:201,15
DA:202,0
DA:204,0
DA:205,0
DA:208,0
DA:213,0
DA:214,0
DA:215,0
DA:216,0
DA:217,0
DA:221,0
DA:225,0
DA:226,0
DA:227,0
DA:228,0
DA:230,0
DA:234,0
DA:237,0
DA:240,0
DA:241,0
DA:246,0
DA:247,0
DA:250,0
DA:253,0
DA:254,0
DA:259,0
DA:260,0
DA:263,0
DA:265,0
DA:266,0
DA:268,0
DA:270,0
DA:272,0
DA:273,0
DA:275,0
DA:276,0
DA:280,0
DA:285,0
DA:286,0
DA:288,0
DA:289,0
DA:290,0
DA:296,0
DA:297,0
DA:298,0
DA:300,0
DA:303,0
DA:304,0
DA:305,0
DA:309,0
DA:314,0
DA:315,0
DA:321,0
DA:322,0
DA:327,0
DA:328,0
DA:329,0
DA:331,0
DA:335,0
DA:336,0
DA:342,0
DA:343,0
DA:348,0
DA:349,0
DA:351,0
DA:354,0
DA:359,15
DA:360,0
DA:361,0
DA:362,0
DA:363,0
DA:365,0
DA:368,0
DA:372,15
DA:373,15
DA:374,0
DA:375,0
DA:376,0
DA:380,0
DA:386,15
DA:387,0
DA:390,15
DA:391,0
DA:394,15
DA:395,0
DA:397,0
DA:398,0
DA:401,0
DA:402,0
DA:403,0
DA:406,0
DA:413,0
DA:414,0
DA:415,0
DA:418,0
DA:419,0
DA:420,0
DA:423,0
DA:426,0
DA:433,0
DA:434,0
DA:437,0
DA:438,0
DA:439,0
DA:443,0
DA:449,0
DA:450,0
DA:451,0
DA:452,0
DA:454,0
DA:455,0
DA:459,0
DA:462,0
DA:463,0
DA:466,0
DA:469,0
DA:470,0
DA:471,0
DA:472,0
DA:475,0
DA:481,0
DA:482,0
DA:483,0
DA:484,0
DA:486,0
DA:487,0
DA:491,0
DA:494,0
DA:496,0
DA:501,15
DA:502,0
DA:503,0
DA:506,15
LF:217
LH:28
BRDA:39,0,0,0
BRDA:39,0,1,15
BRDA:58,1,0,0
BRDA:58,1,1,0
BRDA:70,2,0,0
BRDA:70,2,1,0
BRDA:70,3,0,0
BRDA:70,3,1,0
BRDA:70,3,2,0
BRDA:82,4,0,0
BRDA:82,4,1,0
BRDA:82,5,0,0
BRDA:82,5,1,0
BRDA:82,5,2,0
BRDA:86,6,0,0
BRDA:86,6,1,0
BRDA:111,7,0,0
BRDA:111,7,1,0
BRDA:111,8,0,0
BRDA:111,8,1,0
BRDA:120,9,0,0
BRDA:120,9,1,0
BRDA:127,10,0,0
BRDA:127,10,1,0
BRDA:127,11,0,0
BRDA:127,11,1,0
BRDA:143,12,0,0
BRDA:143,12,1,0
BRDA:147,13,0,0
BRDA:147,13,1,0
BRDA:147,14,0,0
BRDA:147,14,1,0
BRDA:167,15,0,0
BRDA:167,15,1,0
BRDA:172,16,0,0
BRDA:172,16,1,0
BRDA:172,17,0,0
BRDA:172,17,1,0
BRDA:181,18,0,0
BRDA:181,18,1,0
BRDA:186,19,0,0
BRDA:186,19,1,0
BRDA:189,20,0,0
BRDA:189,20,1,0
BRDA:189,21,0,0
BRDA:189,21,1,0
BRDA:189,21,2,0
BRDA:202,22,0,0
BRDA:202,22,1,0
BRDA:213,23,0,0
BRDA:213,23,1,0
BRDA:215,24,0,0
BRDA:215,24,1,0
BRDA:215,25,0,0
BRDA:215,25,1,0
BRDA:225,26,0,0
BRDA:225,26,1,0
BRDA:227,27,0,0
BRDA:227,27,1,0
BRDA:227,28,0,0
BRDA:227,28,1,0
BRDA:234,29,0,0
BRDA:234,29,1,0
BRDA:234,30,0,0
BRDA:234,30,1,0
BRDA:241,31,0,0
BRDA:241,31,1,0
BRDA:241,31,2,0
BRDA:246,32,0,0
BRDA:246,32,1,0
BRDA:254,33,0,0
BRDA:254,33,1,0
BRDA:254,33,2,0
BRDA:259,34,0,0
BRDA:259,34,1,0
BRDA:265,35,0,0
BRDA:265,35,1,0
BRDA:272,36,0,0
BRDA:272,36,1,0
BRDA:288,37,0,0
BRDA:288,37,1,0
BRDA:288,38,0,0
BRDA:288,38,1,0
BRDA:296,39,0,0
BRDA:296,39,1,0
BRDA:297,40,0,0
BRDA:297,40,1,0
BRDA:321,41,0,0
BRDA:321,41,1,0
BRDA:327,42,0,0
BRDA:327,42,1,0
BRDA:327,43,0,0
BRDA:327,43,1,0
BRDA:342,44,0,0
BRDA:342,44,1,0
BRDA:342,45,0,0
BRDA:342,45,1,0
BRDA:348,46,0,0
BRDA:348,46,1,0
BRDA:348,47,0,0
BRDA:348,47,1,0
BRDA:348,47,2,0
BRDA:348,47,3,0
BRDA:373,48,0,0
BRDA:373,48,1,15
BRDA:395,49,0,0
BRDA:395,49,1,0
BRDA:402,50,0,0
BRDA:402,50,1,0
BRDA:413,51,0,0
BRDA:413,51,1,0
BRDA:418,52,0,0
BRDA:418,52,1,0
BRDA:433,53,0,0
BRDA:433,53,1,0
BRDA:437,54,0,0
BRDA:437,54,1,0
BRDA:449,55,0,0
BRDA:449,55,1,0
BRDA:450,56,0,0
BRDA:450,56,1,0
BRDA:470,57,0,0
BRDA:470,57,1,0
BRDA:481,58,0,0
BRDA:481,58,1,0
BRDA:482,59,0,0
BRDA:482,59,1,0
BRDA:502,60,0,0
BRDA:502,60,1,0
BRF:129
BRH:2
end_of_record
TN:
SF:src/contexts/ChallengesContext.tsx
FN:54,ChallengesProvider
FN:62,(anonymous_1)
FN:70,(anonymous_2)
FN:104,(anonymous_3)
FN:210,(anonymous_4)
FN:243,(anonymous_5)
FN:263,(anonymous_6)
FN:274,(anonymous_7)
FN:295,(anonymous_8)
FN:328,useChallenges
FNF:10
FNH:10
FNDA:4026,ChallengesProvider
FNDA:4018,(anonymous_1)
FNDA:4018,(anonymous_2)
FNDA:4018,(anonymous_3)
FNDA:2,(anonymous_4)
FNDA:2,(anonymous_5)
FNDA:1,(anonymous_6)
FNDA:1,(anonymous_7)
FNDA:2,(anonymous_8)
FNDA:4018,useChallenges
DA:52,2
DA:55,4026
DA:56,4026
DA:57,4026
DA:58,4026
DA:59,4026
DA:60,4026
DA:62,4026
DA:63,4018
DA:64,4018
DA:65,4018
DA:66,4018
DA:70,4026
DA:71,4018
DA:72,4018
DA:73,4018
DA:76,4018
DA:80,4018
DA:81,3
DA:82,3
DA:85,4015
DA:91,4015
DA:92,4015
DA:94,0
DA:98,0
DA:100,4018
DA:104,4026
DA:105,4018
DA:107,4018
DA:108,4018
DA:111,4018
DA:117,4018
DA:118,4018
DA:121,4018
DA:127,4018
DA:130,4018
DA:131,25
DA:133,3993
DA:135,3993
DA:145,3993
DA:148,2
DA:149,2
DA:150,2
DA:156,2
DA:157,0
DA:159,0
DA:162,3991
DA:165,2
DA:171,4018
DA:177,4018
DA:178,4018
DA:181,0
DA:184,0
DA:185,0
DA:187,0
DA:190,0
DA:191,0
DA:197,0
DA:198,0
DA:199,0
DA:202,0
DA:206,4018
DA:210,4026
DA:211,2
DA:213,2
DA:215,2
DA:219,2
DA:221,1
DA:222,1
DA:224,0
DA:228,1
DA:234,1
DA:235,1
DA:238,1
DA:239,1
DA:243,4026
DA:244,2
DA:245,0
DA:248,2
DA:249,2
DA:250,2
DA:252,2
DA:258,2
DA:259,1
DA:261,1
DA:263,1
DA:264,1
DA:265,1
DA:274,1
DA:286,1
DA:287,1
DA:290,1
DA:291,1
DA:295,4026
DA:296,2
DA:297,2
DA:303,2
DA:304,1
DA:306,1
DA:307,1
DA:311,4026
DA:321,4026
DA:329,4018
DA:330,4018
DA:331,0
DA:333,4018
LF:106
LH:89
BRDA:63,0,0,4018
BRDA:63,0,1,0
BRDA:80,1,0,3
BRDA:80,1,1,4015
BRDA:91,2,0,4015
BRDA:91,2,1,0
BRDA:91,3,0,4015
BRDA:91,3,1,4015
BRDA:105,4,0,0
BRDA:105,4,1,4018
BRDA:117,5,0,0
BRDA:117,5,1,4018
BRDA:118,6,0,4018
BRDA:118,6,1,0
BRDA:127,7,0,0
BRDA:127,7,1,4018
BRDA:127,8,0,4018
BRDA:127,8,1,3993
BRDA:130,9,0,25
BRDA:130,9,1,3993
BRDA:145,10,0,2
BRDA:145,10,1,3991
BRDA:148,11,0,2
BRDA:148,11,1,0
BRDA:156,12,0,2
BRDA:156,12,1,0
BRDA:177,13,0,0
BRDA:177,13,1,4018
BRDA:178,14,0,4018
BRDA:178,14,1,0
BRDA:184,15,0,0
BRDA:184,15,1,0
BRDA:185,16,0,0
BRDA:185,16,1,0
BRDA:197,17,0,0
BRDA:197,17,1,0
BRDA:211,18,0,0
BRDA:211,18,1,2
BRDA:219,19,0,1
BRDA:219,19,1,1
BRDA:221,20,0,1
BRDA:221,20,1,0
BRDA:221,21,0,1
BRDA:221,21,1,1
BRDA:234,22,0,0
BRDA:234,22,1,1
BRDA:239,23,0,0
BRDA:239,23,1,1
BRDA:244,24,0,0
BRDA:244,24,1,2
BRDA:249,25,0,2
BRDA:249,25,1,0
BRDA:258,26,0,1
BRDA:258,26,1,1
BRDA:261,27,0,1
BRDA:261,27,1,0
BRDA:264,28,0,0
BRDA:264,28,1,1
BRDA:286,29,0,1
BRDA:286,29,1,0
BRDA:303,30,0,1
BRDA:303,30,1,1
BRDA:304,31,0,1
BRDA:304,31,1,0
BRDA:306,32,0,0
BRDA:306,32,1,1
BRDA:330,33,0,0
BRDA:330,33,1,4018
BRF:68
BRH:40
end_of_record
TN:
SF:src/contexts/CheckInStreakContext.tsx
FN:25,(anonymous_0)
FN:38,(anonymous_1)
FN:54,(anonymous_2)
FN:88,(anonymous_3)
FN:129,(anonymous_4)
FN:133,(anonymous_5)
FN:210,(anonymous_6)
FN:247,(anonymous_7)
FN:256,(anonymous_8)
FNF:9
FNH:8
FNDA:14,(anonymous_0)
FNDA:14,(anonymous_1)
FNDA:7,(anonymous_2)
FNDA:1,(anonymous_3)
FNDA:1,(anonymous_4)
FNDA:2,(anonymous_5)
FNDA:2,(anonymous_6)
FNDA:0,(anonymous_7)
FNDA:6,(anonymous_8)
DA:23,2
DA:25,2
DA:26,14
DA:27,14
DA:28,0
DA:30,14
DA:38,2
DA:42,14
DA:51,14
DA:52,14
DA:54,14
DA:55,7
DA:57,7
DA:58,7
DA:64,7
DA:66,2
DA:67,1
DA:68,1
DA:70,1
DA:72,2
DA:75,5
DA:84,0
DA:88,14
DA:89,1
DA:91,1
DA:92,1
DA:103,1
DA:106,0
DA:107,0
DA:108,0
DA:109,0
DA:112,0
DA:113,0
DA:116,1
DA:125,0
DA:129,14
DA:130,1
DA:133,14
DA:134,2
DA:136,2
DA:138,2
DA:144,2
DA:145,0
DA:146,0
DA:150,2
DA:151,2
DA:153,2
DA:154,2
DA:156,2
DA:158,2
DA:159,2
DA:161,2
DA:162,2
DA:163,2
DA:164,2
DA:167,2
DA:168,0
DA:171,2
DA:172,0
DA:179,2
DA:181,2
DA:189,2
DA:190,0
DA:191,0
DA:195,0
DA:203,0
DA:204,0
DA:205,0
DA:210,2
DA:216,2
DA:217,1
DA:218,1
DA:224,1
DA:227,1
DA:229,1
DA:231,0
DA:237,2
DA:238,0
DA:241,0
DA:247,14
DA:248,0
DA:250,0
DA:251,0
DA:256,14
DA:257,6
DA:258,6
DA:262,14
LF:87
LH:62
BRDA:27,0,0,0
BRDA:27,0,1,14
BRDA:55,1,0,0
BRDA:55,1,1,7
BRDA:64,2,0,2
BRDA:64,2,1,5
BRDA:66,3,0,1
BRDA:66,3,1,1
BRDA:76,4,0,5
BRDA:76,4,1,0
BRDA:77,5,0,5
BRDA:77,5,1,0
BRDA:78,6,0,5
BRDA:78,6,1,0
BRDA:89,7,0,0
BRDA:89,7,1,1
BRDA:103,8,0,0
BRDA:103,8,1,1
BRDA:106,9,0,0
BRDA:106,9,1,0
BRDA:134,10,0,0
BRDA:134,10,1,2
BRDA:144,11,0,0
BRDA:144,11,1,2
BRDA:144,12,0,2
BRDA:144,12,1,0
BRDA:158,13,0,2
BRDA:158,13,1,0
BRDA:161,14,0,2
BRDA:161,14,1,0
BRDA:167,15,0,0
BRDA:167,15,1,2
BRDA:168,16,0,0
BRDA:168,16,1,0
BRDA:171,17,0,0
BRDA:171,17,1,2
BRDA:172,18,0,0
BRDA:172,18,1,0
BRDA:179,19,0,2
BRDA:179,19,1,0
BRDA:189,20,0,0
BRDA:189,20,1,2
BRDA:203,21,0,0
BRDA:203,21,1,0
BRDA:216,22,0,1
BRDA:216,22,1,1
BRDA:224,23,0,1
BRDA:224,23,1,0
BRDA:224,23,2,0
BRDA:224,23,3,0
BRDA:237,24,0,0
BRDA:237,24,1,2
BRDA:248,25,0,0
BRDA:248,25,1,0
BRDA:248,26,0,0
BRDA:248,26,1,0
BRDA:251,27,0,0
BRDA:251,27,1,0
BRDA:251,27,2,0
BRDA:257,28,0,6
BRDA:257,28,1,0
BRF:61
BRH:25
end_of_record
TN:
SF:src/contexts/JournalContext.tsx
FN:39,JournalProvider
FN:45,(anonymous_1)
FN:53,(anonymous_2)
FN:81,(anonymous_3)
FN:113,(anonymous_4)
FN:115,(anonymous_5)
FN:116,(anonymous_6)
FN:125,(anonymous_7)
FN:167,(anonymous_8)
FN:188,(anonymous_9)
FN:192,(anonymous_10)
FN:194,(anonymous_11)
FN:197,(anonymous_12)
FN:199,(anonymous_13)
FN:205,(anonymous_14)
FN:232,(anonymous_15)
FN:251,(anonymous_16)
FN:251,(anonymous_17)
FN:260,(anonymous_18)
FN:279,(anonymous_19)
FN:279,(anonymous_20)
FN:306,useJournal
FNF:22
FNH:11
FNDA:9,JournalProvider
FNDA:9,(anonymous_1)
FNDA:9,(anonymous_2)
FNDA:0,(anonymous_3)
FNDA:1,(anonymous_4)
FNDA:1,(anonymous_5)
FNDA:2,(anonymous_6)
FNDA:1,(anonymous_7)
FNDA:1,(anonymous_8)
FNDA:0,(anonymous_9)
FNDA:0,(anonymous_10)
FNDA:0,(anonymous_11)
FNDA:0,(anonymous_12)
FNDA:0,(anonymous_13)
FNDA:0,(anonymous_14)
FNDA:1,(anonymous_15)
FNDA:1,(anonymous_16)
FNDA:0,(anonymous_17)
FNDA:0,(anonymous_18)
FNDA:0,(anonymous_19)
FNDA:0,(anonymous_20)
FNDA:9,useJournal
DA:37,2
DA:40,9
DA:41,9
DA:42,9
DA:43,9
DA:45,9
DA:46,9
DA:47,9
DA:49,0
DA:53,9
DA:54,9
DA:55,9
DA:58,9
DA:63,9
DA:64,0
DA:65,0
DA:66,0
DA:69,9
DA:75,9
DA:76,0
DA:77,0
DA:81,9
DA:82,0
DA:84,0
DA:93,0
DA:99,5
DA:101,5
DA:102,5
DA:105,0
DA:108,9
DA:113,9
DA:114,1
DA:115,1
DA:116,2
DA:118,1
DA:121,1
DA:122,1
DA:125,9
DA:126,1
DA:127,0
DA:128,0
DA:131,1
DA:132,1
DA:134,1
DA:135,1
DA:152,1
DA:154,1
DA:167,1
DA:170,1
DA:172,1
DA:174,1
DA:176,0
DA:181,1
DA:183,0
DA:184,0
DA:188,9
DA:189,0
DA:192,9
DA:193,0
DA:194,0
DA:197,9
DA:198,0
DA:199,0
DA:200,0
DA:205,9
DA:206,0
DA:207,0
DA:208,0
DA:211,0
DA:212,0
DA:213,0
DA:218,0
DA:219,0
DA:220,0
DA:223,0
DA:225,0
DA:226,0
DA:228,0
DA:232,9
DA:233,1
DA:234,0
DA:235,0
DA:238,1
DA:239,1
DA:240,1
DA:246,1
DA:247,0
DA:248,0
DA:251,1
DA:253,0
DA:254,0
DA:256,1
DA:260,9
DA:261,0
DA:262,0
DA:263,0
DA:266,0
DA:267,0
DA:268,0
DA:274,0
DA:275,0
DA:276,0
DA:279,0
DA:281,0
DA:282,0
DA:284,0
DA:288,9
DA:299,9
DA:307,9
DA:308,9
DA:309,0
DA:311,9
LF:112
LH:58
BRDA:46,0,0,9
BRDA:46,0,1,0
BRDA:63,1,0,0
BRDA:63,1,1,9
BRDA:63,2,0,9
BRDA:63,2,1,0
BRDA:75,3,0,0
BRDA:75,3,1,9
BRDA:101,4,0,5
BRDA:101,4,1,0
BRDA:101,5,0,5
BRDA:101,5,1,5
BRDA:102,6,0,5
BRDA:102,6,1,0
BRDA:118,7,0,0
BRDA:118,7,1,1
BRDA:118,8,0,1
BRDA:118,8,1,1
BRDA:126,9,0,0
BRDA:126,9,1,1
BRDA:152,10,0,0
BRDA:152,10,1,1
BRDA:199,11,0,0
BRDA:199,11,1,0
BRDA:200,12,0,0
BRDA:200,12,1,0
BRDA:206,13,0,0
BRDA:206,13,1,0
BRDA:218,14,0,0
BRDA:218,14,1,0
BRDA:225,15,0,0
BRDA:225,15,1,0
BRDA:233,16,0,0
BRDA:233,16,1,1
BRDA:246,17,0,0
BRDA:246,17,1,1
BRDA:253,18,0,0
BRDA:253,18,1,0
BRDA:261,19,0,0
BRDA:261,19,1,0
BRDA:274,20,0,0
BRDA:274,20,1,0
BRDA:281,21,0,0
BRDA:281,21,1,0
BRDA:308,22,0,0
BRDA:308,22,1,9
BRF:46
BRH:16
end_of_record
TN:
SF:src/contexts/NotificationsContext.tsx
FN:45,NotificationsProvider
FN:52,(anonymous_1)
FN:53,(anonymous_2)
FN:58,(anonymous_3)
FN:62,(anonymous_4)
FN:77,(anonymous_5)
FN:87,(anonymous_6)
FN:92,(anonymous_7)
FN:98,(anonymous_8)
FN:104,(anonymous_9)
FN:118,(anonymous_10)
FN:120,(anonymous_11)
FN:126,(anonymous_12)
FN:130,(anonymous_13)
FN:142,(anonymous_14)
FN:146,(anonymous_15)
FN:150,(anonymous_16)
FN:165,(anonymous_17)
FN:196,(anonymous_18)
FN:207,(anonymous_19)
FN:208,(anonymous_20)
FN:221,(anonymous_21)
FN:232,(anonymous_22)
FN:233,(anonymous_23)
FN:242,(anonymous_24)
FN:253,(anonymous_25)
FN:254,(anonymous_26)
FN:263,(anonymous_27)
FN:270,(anonymous_28)
FN:289,useNotifications
FNF:30
FNH:20
FNDA:31,NotificationsProvider
FNDA:9,(anonymous_1)
FNDA:1,(anonymous_2)
FNDA:0,(anonymous_3)
FNDA:0,(anonymous_4)
FNDA:9,(anonymous_5)
FNDA:8,(anonymous_6)
FNDA:0,(anonymous_7)
FNDA:0,(anonymous_8)
FNDA:0,(anonymous_9)
FNDA:0,(anonymous_10)
FNDA:0,(anonymous_11)
FNDA:0,(anonymous_12)
FNDA:8,(anonymous_13)
FNDA:0,(anonymous_14)
FNDA:0,(anonymous_15)
FNDA:9,(anonymous_16)
FNDA:9,(anonymous_17)
FNDA:2,(anonymous_18)
FNDA:2,(anonymous_19)
FNDA:2,(anonymous_20)
FNDA:1,(anonymous_21)
FNDA:1,(anonymous_22)
FNDA:2,(anonymous_23)
FNDA:2,(anonymous_24)
FNDA:2,(anonymous_25)
FNDA:2,(anonymous_26)
FNDA:1,(anonymous_27)
FNDA:17,(anonymous_28)
FNDA:30,useNotifications
DA:43,2
DA:46,31
DA:47,31
DA:48,31
DA:49,31
DA:50,31
DA:52,31
DA:53,9
DA:55,9
DA:56,9
DA:58,8
DA:59,0
DA:62,8
DA:63,0
DA:67,8
DA:68,8
DA:69,8
DA:73,0
DA:77,9
DA:78,9
DA:79,9
DA:80,9
DA:82,0
DA:87,31
DA:88,8
DA:90,8
DA:91,0
DA:92,0
DA:96,8
DA:97,0
DA:98,0
DA:102,8
DA:103,0
DA:104,0
DA:107,8
DA:108,8
DA:119,0
DA:120,0
DA:122,0
DA:127,0
DA:130,8
DA:131,8
DA:132,8
DA:133,0
DA:134,0
DA:137,0
DA:141,0
DA:142,0
DA:145,0
DA:146,0
DA:150,31
DA:151,9
DA:152,9
DA:158,7
DA:159,6
DA:161,3
DA:165,31
DA:166,9
DA:167,9
DA:188,9
DA:189,9
DA:192,0
DA:196,31
DA:197,2
DA:198,2
DA:199,2
DA:205,2
DA:207,2
DA:208,2
DA:209,2
DA:215,0
DA:217,2
DA:221,31
DA:222,1
DA:223,1
DA:224,1
DA:230,1
DA:232,1
DA:233,2
DA:236,0
DA:238,1
DA:242,31
DA:243,2
DA:244,2
DA:245,2
DA:251,2
DA:253,2
DA:254,2
DA:257,0
DA:259,2
DA:263,31
DA:264,1
DA:270,31
DA:272,31
DA:282,31
DA:290,30
DA:291,30
DA:292,0
DA:294,30
LF:99
LH:73
BRDA:56,0,0,8
BRDA:56,0,1,1
BRDA:67,1,0,8
BRDA:67,1,1,0
BRDA:90,2,0,0
BRDA:90,2,1,8
BRDA:96,3,0,0
BRDA:96,3,1,8
BRDA:96,4,0,8
BRDA:96,4,1,8
BRDA:102,5,0,0
BRDA:102,5,1,8
BRDA:132,6,0,0
BRDA:132,6,1,8
BRDA:132,7,0,8
BRDA:132,7,1,0
BRDA:132,7,2,0
BRDA:158,8,0,1
BRDA:158,8,1,6
BRDA:159,9,0,6
BRDA:159,9,1,0
BRDA:161,10,0,3
BRDA:161,10,1,0
BRDA:188,11,0,9
BRDA:188,11,1,0
BRDA:205,12,0,0
BRDA:205,12,1,2
BRDA:209,13,0,1
BRDA:209,13,1,1
BRDA:215,14,0,0
BRDA:215,14,1,0
BRDA:230,15,0,0
BRDA:230,15,1,1
BRDA:236,16,0,0
BRDA:236,16,1,0
BRDA:251,17,0,0
BRDA:251,17,1,2
BRDA:257,18,0,0
BRDA:257,18,1,0
BRDA:291,19,0,0
BRDA:291,19,1,30
BRF:41
BRH:21
end_of_record
TN:
SF:src/contexts/OnboardingContext.tsx
FN:17,(anonymous_0)
FN:21,(anonymous_1)
FN:31,(anonymous_2)
FN:94,(anonymous_3)
FN:123,(anonymous_4)
FN:136,(anonymous_5)
FN:154,(anonymous_6)
FNF:7
FNH:6
FNDA:0,(anonymous_0)
FNDA:34,(anonymous_1)
FNDA:10,(anonymous_2)
FNDA:4,(anonymous_3)
FNDA:12,(anonymous_4)
FNDA:33,(anonymous_5)
FNDA:34,(anonymous_6)
DA:14,2
DA:21,2
DA:22,34
DA:23,34
DA:25,34
DA:26,34
DA:28,34
DA:31,34
DA:32,10
DA:33,10
DA:35,10
DA:36,0
DA:37,0
DA:38,0
DA:39,0
DA:42,10
DA:44,10
DA:47,10
DA:48,3
DA:51,3
DA:57,2
DA:58,1
DA:60,1
DA:61,1
DA:62,1
DA:64,1
DA:66,0
DA:68,0
DA:75,0
DA:76,0
DA:78,0
DA:81,7
DA:83,7
DA:86,1
DA:87,1
DA:89,10
DA:94,34
DA:95,4
DA:96,1
DA:97,1
DA:100,3
DA:101,0
DA:102,0
DA:107,0
DA:108,0
DA:109,0
DA:111,0
DA:112,0
DA:115,0
DA:116,0
DA:118,0
DA:123,34
DA:124,12
DA:125,12
DA:126,10
DA:127,10
DA:129,2
DA:130,2
DA:131,2
DA:136,34
DA:137,33
DA:140,34
DA:154,34
LF:63
LH:44
BRDA:35,0,0,0
BRDA:35,0,1,10
BRDA:47,1,0,3
BRDA:47,1,1,7
BRDA:57,2,0,1
BRDA:57,2,1,1
BRDA:61,3,0,1
BRDA:61,3,1,0
BRDA:75,4,0,0
BRDA:75,4,1,0
BRDA:95,5,0,1
BRDA:95,5,1,3
BRDA:107,6,0,0
BRDA:107,6,1,0
BRDA:125,7,0,10
BRDA:125,7,1,2
BRF:16
BRH:10
end_of_record
TN:
SF:src/contexts/UserProfileContext.tsx
FN:45,(anonymous_0)
FN:53,(anonymous_1)
FN:59,(anonymous_2)
FN:153,(anonymous_3)
FN:194,(anonymous_4)
FN:198,(anonymous_5)
FNF:6
FNH:6
FNDA:12,(anonymous_0)
FNDA:14,(anonymous_1)
FNDA:8,(anonymous_2)
FNDA:2,(anonymous_3)
FNDA:1,(anonymous_4)
FNDA:6,(anonymous_5)
DA:43,2
DA:45,2
DA:46,12
DA:47,12
DA:48,0
DA:50,12
DA:53,2
DA:54,14
DA:55,14
DA:56,14
DA:57,14
DA:59,14
DA:60,8
DA:61,0
DA:62,0
DA:63,0
DA:66,8
DA:67,8
DA:70,8
DA:76,8
DA:78,0
DA:89,0
DA:90,0
DA:91,0
DA:95,8
DA:101,8
DA:103,1
DA:104,1
DA:106,1
DA:115,1
DA:121,1
DA:123,0
DA:124,0
DA:125,0
DA:131,0
DA:132,0
DA:134,0
DA:137,1
DA:140,0
DA:143,7
DA:146,0
DA:147,0
DA:149,8
DA:153,14
DA:154,2
DA:156,2
DA:158,2
DA:164,2
DA:165,0
DA:167,0
DA:168,0
DA:174,0
DA:178,2
DA:183,2
DA:186,1
DA:188,1
DA:189,1
DA:190,1
DA:194,14
DA:195,1
DA:198,14
DA:199,6
DA:202,14
LF:63
LH:42
BRDA:47,0,0,0
BRDA:47,0,1,12
BRDA:60,1,0,0
BRDA:60,1,1,8
BRDA:76,2,0,0
BRDA:76,2,1,8
BRDA:76,3,0,8
BRDA:76,3,1,0
BRDA:81,4,0,0
BRDA:81,4,1,0
BRDA:101,5,0,1
BRDA:101,5,1,7
BRDA:103,6,0,1
BRDA:103,6,1,0
BRDA:108,7,0,1
BRDA:108,7,1,0
BRDA:121,8,0,0
BRDA:121,8,1,1
BRDA:123,9,0,0
BRDA:123,9,1,0
BRDA:131,10,0,0
BRDA:131,10,1,0
BRDA:154,11,0,0
BRDA:154,11,1,2
BRDA:164,12,0,0
BRDA:164,12,1,2
BRDA:164,13,0,2
BRDA:164,13,1,0
BRDA:167,14,0,0
BRDA:167,14,1,0
BRDA:183,15,0,1
BRDA:183,15,1,1
BRF:32
BRH:14
end_of_record
TN:
SF:src/hooks/useBadgeService.ts
FN:6,(anonymous_0)
FN:9,(anonymous_1)
FN:23,(anonymous_2)
FN:37,(anonymous_3)
FN:51,(anonymous_4)
FNF:5
FNH:0
FNDA:0,(anonymous_0)
FNDA:0,(anonymous_1)
FNDA:0,(anonymous_2)
FNDA:0,(anonymous_3)
FNDA:0,(anonymous_4)
DA:6,0
DA:7,0
DA:9,0
DA:10,0
DA:11,0
DA:12,0
DA:15,0
DA:16,0
DA:18,0
DA:23,0
DA:24,0
DA:25,0
DA:26,0
DA:29,0
DA:30,0
DA:32,0
DA:37,0
DA:38,0
DA:39,0
DA:40,0
DA:43,0
DA:44,0
DA:46,0
DA:51,0
DA:52,0
DA:53,0
DA:54,0
DA:57,0
DA:58,0
DA:60,0
DA:65,0
LF:31
LH:0
BRDA:10,0,0,0
BRDA:10,0,1,0
BRDA:24,1,0,0
BRDA:24,1,1,0
BRDA:38,2,0,0
BRDA:38,2,1,0
BRDA:52,3,0,0
BRDA:52,3,1,0
BRF:8
BRH:0
end_of_record
TN:
SF:src/lib/supabase.ts
FN:10,(anonymous_0)
FN:35,(anonymous_1)
FN:61,(anonymous_2)
FN:79,(anonymous_3)
FN:105,(anonymous_4)
FN:116,(anonymous_5)
FNF:6
FNH:1
FNDA:0,(anonymous_0)
FNDA:0,(anonymous_1)
FNDA:0,(anonymous_2)
FNDA:1,(anonymous_3)
FNDA:0,(anonymous_4)
FNDA:0,(anonymous_5)
DA:9,1
DA:11,0
DA:12,0
DA:13,0
DA:16,0
DA:17,0
DA:18,0
DA:29,0
DA:31,0
DA:32,0
DA:36,0
DA:38,0
DA:39,0
DA:41,0
DA:53,0
DA:55,0
DA:58,0
DA:62,0
DA:67,1
DA:68,1
DA:71,1
DA:72,1
DA:75,1
DA:76,1
DA:79,1
DA:81,1
DA:83,1
DA:84,1
DA:85,1
DA:89,0
DA:94,1
DA:105,1
DA:106,0
DA:110,1
DA:116,1
DA:117,0
DA:118,0
DA:120,0
LF:38
LH:16
BRDA:13,0,0,0
BRDA:13,0,1,0
BRDA:16,1,0,0
BRDA:16,1,1,0
BRDA:38,2,0,0
BRDA:38,2,1,0
BRDA:67,3,0,1
BRDA:67,3,1,1
BRDA:68,4,0,1
BRDA:68,4,1,1
BRDA:81,5,0,1
BRDA:81,5,1,0
BRDA:89,6,0,0
BRDA:89,6,1,0
BRDA:96,7,0,0
BRDA:96,7,1,1
BRDA:106,8,0,0
BRDA:106,8,1,0
BRDA:117,9,0,0
BRDA:117,9,1,0
BRF:20
BRH:6
end_of_record
TN:
SF:src/screens/achievements/AchievementsScreen.tsx
FN:22,(anonymous_0)
FN:39,(anonymous_1)
FN:85,(anonymous_2)
FN:93,(anonymous_3)
FN:136,(anonymous_4)
FN:142,(anonymous_5)
FN:146,(anonymous_6)
FN:153,(anonymous_7)
FN:169,(anonymous_8)
FN:176,(anonymous_9)
FN:240,(anonymous_10)
FN:255,(anonymous_11)
FN:270,(anonymous_12)
FNF:13
FNH:0
FNDA:0,(anonymous_0)
FNDA:0,(anonymous_1)
FNDA:0,(anonymous_2)
FNDA:0,(anonymous_3)
FNDA:0,(anonymous_4)
FNDA:0,(anonymous_5)
FNDA:0,(anonymous_6)
FNDA:0,(anonymous_7)
FNDA:0,(anonymous_8)
FNDA:0,(anonymous_9)
FNDA:0,(anonymous_10)
FNDA:0,(anonymous_11)
FNDA:0,(anonymous_12)
DA:22,0
DA:23,0
DA:24,0
DA:25,0
DA:26,0
DA:27,0
DA:28,0
DA:29,0
DA:30,0
DA:31,0
DA:32,0
DA:35,0
DA:36,0
DA:39,0
DA:40,0
DA:42,0
DA:44,0
DA:47,0
DA:50,0
DA:53,0
DA:54,0
DA:56,0
DA:57,0
DA:63,0
DA:64,0
DA:65,0
DA:66,0
DA:67,0
DA:68,0
DA:71,0
DA:75,0
DA:76,0
DA:77,0
DA:82,0
DA:83,0
DA:84,0
DA:85,0
DA:86,0
DA:89,0
DA:93,0
DA:94,0
DA:98,0
DA:101,0
DA:105,0
DA:108,0
DA:109,0
DA:110,0
DA:111,0
DA:114,0
DA:116,0
DA:118,0
DA:119,0
DA:120,0
DA:121,0
DA:122,0
DA:123,0
DA:124,0
DA:125,0
DA:126,0
DA:127,0
DA:128,0
DA:129,0
DA:131,0
DA:136,0
DA:137,0
DA:141,0
DA:143,0
DA:144,0
DA:146,0
DA:153,0
DA:154,0
DA:169,0
DA:170,0
DA:171,0
DA:172,0
DA:176,0
DA:177,0
DA:179,0
DA:181,0
DA:183,0
DA:185,0
DA:189,0
DA:240,0
DA:255,0
DA:270,0
DA:302,0
LF:86
LH:0
BRDA:40,0,0,0
BRDA:40,0,1,0
BRDA:63,1,0,0
BRDA:63,1,1,0
BRDA:65,2,0,0
BRDA:65,2,1,0
BRDA:66,3,0,0
BRDA:66,3,1,0
BRDA:67,4,0,0
BRDA:67,4,1,0
BRDA:82,5,0,0
BRDA:82,5,1,0
BRDA:84,6,0,0
BRDA:84,6,1,0
BRDA:84,7,0,0
BRDA:84,7,1,0
BRDA:85,8,0,0
BRDA:85,8,1,0
BRDA:94,9,0,0
BRDA:94,9,1,0
BRDA:98,10,0,0
BRDA:98,10,1,0
BRDA:101,11,0,0
BRDA:101,11,1,0
BRDA:108,12,0,0
BRDA:108,12,1,0
BRDA:109,13,0,0
BRDA:109,13,1,0
BRDA:110,14,0,0
BRDA:110,14,1,0
BRDA:111,15,0,0
BRDA:111,15,1,0
BRDA:137,16,0,0
BRDA:137,16,1,0
BRDA:170,17,0,0
BRDA:170,17,1,0
BRDA:170,18,0,0
BRDA:170,18,1,0
BRDA:177,19,0,0
BRDA:177,19,1,0
BRDA:177,19,2,0
BRDA:177,19,3,0
BRDA:239,20,0,0
BRDA:239,20,1,0
BRDA:244,21,0,0
BRDA:244,21,1,0
BRDA:247,22,0,0
BRDA:247,22,1,0
BRDA:254,23,0,0
BRDA:254,23,1,0
BRDA:259,24,0,0
BRDA:259,24,1,0
BRDA:262,25,0,0
BRDA:262,25,1,0
BRDA:269,26,0,0
BRDA:269,26,1,0
BRDA:274,27,0,0
BRDA:274,27,1,0
BRDA:277,28,0,0
BRDA:277,28,1,0
BRF:60
BRH:0
end_of_record
TN:
SF:src/screens/auth/EmailVerificationSuccessScreen.tsx
FN:9,(anonymous_0)
FN:15,(anonymous_1)
FN:16,(anonymous_2)
FN:37,(anonymous_3)
FN:41,(anonymous_4)
FN:110,(anonymous_5)
FNF:6
FNH:0
FNDA:0,(anonymous_0)
FNDA:0,(anonymous_1)
FNDA:0,(anonymous_2)
FNDA:0,(anonymous_3)
FNDA:0,(anonymous_4)
FNDA:0,(anonymous_5)
DA:9,0
DA:10,0
DA:11,0
DA:12,0
DA:13,0
DA:15,0
DA:16,0
DA:17,0
DA:18,0
DA:19,0
DA:22,0
DA:24,0
DA:25,0
DA:27,0
DA:28,0
DA:30,0
DA:34,0
DA:37,0
DA:38,0
DA:41,0
DA:42,0
DA:43,0
DA:44,0
DA:45,0
DA:47,0
DA:49,0
DA:53,0
DA:110,0
DA:135,0
LF:29
LH:0
BRDA:73,0,0,0
BRDA:73,0,1,0
BRDA:82,1,0,0
BRDA:82,1,1,0
BRF:4
BRH:0
end_of_record
TN:
SF:src/screens/auth/SignInScreen.tsx
FN:10,(anonymous_0)
FN:18,(anonymous_1)
FN:43,(anonymous_2)
FN:107,(anonymous_3)
FN:153,(anonymous_4)
FN:172,(anonymous_5)
FNF:6
FNH:0
FNDA:0,(anonymous_0)
FNDA:0,(anonymous_1)
FNDA:0,(anonymous_2)
FNDA:0,(anonymous_3)
FNDA:0,(anonymous_4)
FNDA:0,(anonymous_5)
DA:10,0
DA:11,0
DA:12,0
DA:13,0
DA:14,0
DA:15,0
DA:16,0
DA:18,0
DA:19,0
DA:20,0
DA:23,0
DA:24,0
DA:25,0
DA:29,0
DA:30,0
DA:33,0
DA:34,0
DA:39,0
DA:43,0
DA:44,0
DA:45,0
DA:46,0
DA:49,0
DA:50,0
DA:51,0
DA:52,0
DA:56,0
DA:60,0
DA:107,0
DA:153,0
DA:172,0
DA:186,0
LF:32
LH:0
BRDA:19,0,0,0
BRDA:19,0,1,0
BRDA:19,1,0,0
BRDA:19,1,1,0
BRDA:29,2,0,0
BRDA:29,2,1,0
BRDA:29,3,0,0
BRDA:29,3,1,0
BRDA:44,4,0,0
BRDA:44,4,1,0
BRDA:119,5,0,0
BRDA:119,5,1,0
BRDA:142,6,0,0
BRDA:142,6,1,0
BRF:14
BRH:0
end_of_record
TN:
SF:src/screens/auth/SignUpScreen.tsx
FN:10,(anonymous_0)
FN:18,(anonymous_1)
FN:122,(anonymous_2)
FNF:3
FNH:0
FNDA:0,(anonymous_0)
FNDA:0,(anonymous_1)
FNDA:0,(anonymous_2)
DA:10,0
DA:11,0
DA:12,0
DA:13,0
DA:14,0
DA:15,0
DA:16,0
DA:18,0
DA:19,0
DA:20,0
DA:21,0
DA:24,0
DA:25,0
DA:26,0
DA:29,0
DA:30,0
DA:31,0
DA:34,0
DA:35,0
DA:36,0
DA:40,0
DA:41,0
DA:43,0
DA:48,0
DA:52,0
DA:122,0
DA:136,0
LF:27
LH:0
BRDA:19,0,0,0
BRDA:19,0,1,0
BRDA:19,1,0,0
BRDA:19,1,1,0
BRDA:19,1,2,0
BRDA:24,2,0,0
BRDA:24,2,1,0
BRDA:29,3,0,0
BRDA:29,3,1,0
BRDA:40,4,0,0
BRDA:40,4,1,0
BRF:11
BRH:0
end_of_record
TN:
SF:src/screens/auth/VerificationInstructionsScreen.tsx
FN:10,(anonymous_0)
FN:14,(anonymous_1)
FN:20,(anonymous_2)
FN:25,(anonymous_3)
FNF:4
FNH:0
FNDA:0,(anonymous_0)
FNDA:0,(anonymous_1)
FNDA:0,(anonymous_2)
FNDA:0,(anonymous_3)
DA:10,0
DA:11,0
DA:12,0
DA:14,0
DA:15,0
DA:16,0
DA:20,0
DA:22,0
DA:25,0
DA:26,0
DA:29,0
DA:135,0
LF:12
LH:0
BRDA:15,0,0,0
BRDA:15,0,1,0
BRF:2
BRH:0
end_of_record
TN:
SF:src/screens/check-in/CheckInScreen.tsx
FN:13,(anonymous_0)
FN:30,(anonymous_1)
FN:38,(anonymous_2)
FN:42,(anonymous_3)
FN:46,(anonymous_4)
FN:64,(anonymous_5)
FN:72,(anonymous_6)
FN:94,(anonymous_7)
FN:115,(anonymous_8)
FN:136,(anonymous_9)
FNF:10
FNH:0
FNDA:0,(anonymous_0)
FNDA:0,(anonymous_1)
FNDA:0,(anonymous_2)
FNDA:0,(anonymous_3)
FNDA:0,(anonymous_4)
FNDA:0,(anonymous_5)
FNDA:0,(anonymous_6)
FNDA:0,(anonymous_7)
FNDA:0,(anonymous_8)
FNDA:0,(anonymous_9)
DA:13,0
DA:14,0
DA:15,0
DA:16,0
DA:17,0
DA:18,0
DA:20,0
DA:21,0
DA:22,0
DA:23,0
DA:24,0
DA:25,0
DA:26,0
DA:28,0
DA:30,0
DA:31,0
DA:38,0
DA:39,0
DA:42,0
DA:43,0
DA:46,0
DA:47,0
DA:48,0
DA:49,0
DA:52,0
DA:53,0
DA:54,0
DA:57,0
DA:58,0
DA:59,0
DA:60,0
DA:64,0
DA:65,0
DA:66,0
DA:67,0
DA:68,0
DA:72,0
DA:73,0
DA:74,0
DA:77,0
DA:79,0
DA:80,0
DA:81,0
DA:82,0
DA:83,0
DA:84,0
DA:85,0
DA:86,0
DA:88,0
DA:91,0
DA:94,0
DA:95,0
DA:96,0
DA:97,0
DA:100,0
DA:101,0
DA:102,0
DA:105,0
DA:107,0
DA:108,0
DA:111,0
DA:114,0
DA:115,0
DA:117,0
DA:118,0
DA:122,0
DA:124,0
DA:126,0
DA:127,0
DA:129,0
DA:133,0
DA:136,0
DA:232,0
LF:73
LH:0
BRDA:47,0,0,0
BRDA:47,0,1,0
BRDA:47,1,0,0
BRDA:47,1,1,0
BRDA:52,2,0,0
BRDA:52,2,1,0
BRDA:52,3,0,0
BRDA:52,3,1,0
BRDA:57,4,0,0
BRDA:57,4,1,0
BRDA:59,5,0,0
BRDA:59,5,1,0
BRDA:65,6,0,0
BRDA:65,6,1,0
BRDA:67,7,0,0
BRDA:67,7,1,0
BRDA:77,8,0,0
BRDA:77,8,1,0
BRDA:79,9,0,0
BRDA:79,9,1,0
BRDA:81,10,0,0
BRDA:81,10,1,0
BRDA:83,11,0,0
BRDA:83,11,1,0
BRDA:85,12,0,0
BRDA:85,12,1,0
BRDA:95,13,0,0
BRDA:95,13,1,0
BRDA:100,14,0,0
BRDA:100,14,1,0
BRDA:108,15,0,0
BRDA:108,15,1,0
BRDA:117,16,0,0
BRDA:117,16,1,0
BRDA:143,17,0,0
BRDA:143,17,1,0
BRDA:164,18,0,0
BRDA:164,18,1,0
BRDA:199,19,0,0
BRDA:199,19,1,0
BRF:40
BRH:0
end_of_record
TN:
SF:src/screens/home/HomeScreen.tsx
FN:13,(anonymous_0)
FN:30,(anonymous_1)
FN:50,(anonymous_2)
FN:56,HomeScreen
FN:69,(anonymous_4)
FN:80,(anonymous_5)
FN:100,(anonymous_6)
FN:102,(anonymous_7)
FN:197,(anonymous_8)
FN:234,(anonymous_9)
FN:240,(anonymous_10)
FN:244,(anonymous_11)
FNF:12
FNH:0
FNDA:0,(anonymous_0)
FNDA:0,(anonymous_1)
FNDA:0,(anonymous_2)
FNDA:0,HomeScreen
FNDA:0,(anonymous_4)
FNDA:0,(anonymous_5)
FNDA:0,(anonymous_6)
FNDA:0,(anonymous_7)
FNDA:0,(anonymous_8)
FNDA:0,(anonymous_9)
FNDA:0,(anonymous_10)
FNDA:0,(anonymous_11)
DA:13,0
DA:14,0
DA:16,0
DA:17,0
DA:24,0
DA:30,0
DA:31,0
DA:32,0
DA:33,0
DA:34,0
DA:35,0
DA:36,0
DA:37,0
DA:38,0
DA:39,0
DA:40,0
DA:41,0
DA:42,0
DA:43,0
DA:47,0
DA:50,0
DA:51,0
DA:52,0
DA:53,0
DA:57,0
DA:58,0
DA:59,0
DA:60,0
DA:61,0
DA:62,0
DA:63,0
DA:66,0
DA:67,0
DA:69,0
DA:70,0
DA:73,0
DA:80,0
DA:81,0
DA:97,0
DA:100,0
DA:101,0
DA:102,0
DA:104,0
DA:105,0
DA:107,0
DA:108,0
DA:109,0
DA:110,0
DA:111,0
DA:114,0
DA:118,0
DA:122,0
DA:127,0
DA:197,0
DA:234,0
DA:241,0
DA:244,0
DA:298,0
LF:58
LH:0
BRDA:14,0,0,0
BRDA:14,0,1,0
BRDA:16,1,0,0
BRDA:16,1,1,0
BRDA:31,2,0,0
BRDA:31,2,1,0
BRDA:33,3,0,0
BRDA:33,3,1,0
BRDA:34,4,0,0
BRDA:34,4,1,0
BRDA:34,4,2,0
BRDA:34,4,3,0
BRDA:34,4,4,0
BRDA:34,4,5,0
BRDA:34,4,6,0
BRDA:34,4,7,0
BRDA:34,4,8,0
BRDA:51,5,0,0
BRDA:51,5,1,0
BRDA:52,6,0,0
BRDA:52,6,1,0
BRDA:52,7,0,0
BRDA:52,7,1,0
BRDA:104,8,0,0
BRDA:104,8,1,0
BRDA:105,9,0,0
BRDA:105,9,1,0
BRDA:105,10,0,0
BRDA:105,10,1,0
BRDA:108,11,0,0
BRDA:108,11,1,0
BRDA:108,12,0,0
BRDA:108,12,1,0
BRDA:110,13,0,0
BRDA:110,13,1,0
BRDA:160,14,0,0
BRDA:160,14,1,0
BRDA:166,15,0,0
BRDA:166,15,1,0
BRDA:167,16,0,0
BRDA:167,16,1,0
BRDA:174,17,0,0
BRDA:174,17,1,0
BRDA:239,18,0,0
BRDA:239,18,1,0
BRDA:276,19,0,0
BRDA:276,19,1,0
BRF:47
BRH:0
end_of_record
TN:
SF:src/screens/insights/InsightsScreen.tsx
FN:47,(anonymous_0)
FN:57,(anonymous_1)
FN:76,(anonymous_2)
FN:78,(anonymous_3)
FN:90,(anonymous_4)
FN:94,(anonymous_5)
FN:101,(anonymous_6)
FN:104,(anonymous_7)
FN:115,(anonymous_8)
FN:122,(anonymous_9)
FN:124,(anonymous_10)
FN:131,(anonymous_11)
FN:135,(anonymous_12)
FN:136,(anonymous_13)
FN:157,(anonymous_14)
FN:168,(anonymous_15)
FN:179,(anonymous_16)
FN:241,(anonymous_17)
FN:270,(anonymous_18)
FN:286,(anonymous_19)
FN:302,(anonymous_20)
FN:412,(anonymous_21)
FN:439,(anonymous_22)
FN:477,(anonymous_23)
FN:527,(anonymous_24)
FN:570,(anonymous_25)
FN:599,(anonymous_26)
FN:644,(anonymous_27)
FN:696,(anonymous_28)
FNF:29
FNH:0
FNDA:0,(anonymous_0)
FNDA:0,(anonymous_1)
FNDA:0,(anonymous_2)
FNDA:0,(anonymous_3)
FNDA:0,(anonymous_4)
FNDA:0,(anonymous_5)
FNDA:0,(anonymous_6)
FNDA:0,(anonymous_7)
FNDA:0,(anonymous_8)
FNDA:0,(anonymous_9)
FNDA:0,(anonymous_10)
FNDA:0,(anonymous_11)
FNDA:0,(anonymous_12)
FNDA:0,(anonymous_13)
FNDA:0,(anonymous_14)
FNDA:0,(anonymous_15)
FNDA:0,(anonymous_16)
FNDA:0,(anonymous_17)
FNDA:0,(anonymous_18)
FNDA:0,(anonymous_19)
FNDA:0,(anonymous_20)
FNDA:0,(anonymous_21)
FNDA:0,(anonymous_22)
FNDA:0,(anonymous_23)
FNDA:0,(anonymous_24)
FNDA:0,(anonymous_25)
FNDA:0,(anonymous_26)
FNDA:0,(anonymous_27)
FNDA:0,(anonymous_28)
DA:25,0
DA:26,0
DA:47,0
DA:48,0
DA:51,0
DA:52,0
DA:54,0
DA:57,0
DA:58,0
DA:59,0
DA:60,0
DA:61,0
DA:62,0
DA:63,0
DA:66,0
DA:67,0
DA:68,0
DA:69,0
DA:70,0
DA:71,0
DA:72,0
DA:73,0
DA:74,0
DA:76,0
DA:77,0
DA:78,0
DA:79,0
DA:81,0
DA:83,0
DA:85,0
DA:89,0
DA:90,0
DA:93,0
DA:94,0
DA:95,0
DA:96,0
DA:97,0
DA:101,0
DA:104,0
DA:105,0
DA:115,0
DA:122,0
DA:124,0
DA:125,0
DA:127,0
DA:131,0
DA:135,0
DA:136,0
DA:139,0
DA:142,0
DA:145,0
DA:147,0
DA:157,0
DA:158,0
DA:159,0
DA:160,0
DA:164,0
DA:168,0
DA:170,0
DA:173,0
DA:175,0
DA:176,0
DA:179,0
DA:180,0
DA:182,0
DA:183,0
DA:192,0
DA:193,0
DA:194,0
DA:195,0
DA:196,0
DA:198,0
DA:200,0
DA:204,0
DA:205,0
DA:206,0
DA:207,0
DA:209,0
DA:211,0
DA:215,0
DA:216,0
DA:217,0
DA:218,0
DA:220,0
DA:222,0
DA:226,0
DA:227,0
DA:228,0
DA:229,0
DA:231,0
DA:233,0
DA:237,0
DA:238,0
DA:241,0
DA:242,0
DA:243,0
DA:244,0
DA:245,0
DA:247,0
DA:249,0
DA:253,0
DA:270,0
DA:286,0
DA:302,0
DA:413,0
DA:440,0
DA:478,0
DA:528,0
DA:571,0
DA:600,0
DA:645,0
DA:696,0
DA:697,0
DA:698,0
DA:699,0
DA:700,0
DA:701,0
DA:702,0
DA:703,0
DA:704,0
DA:705,0
DA:706,0
DA:710,0
LF:123
LH:0
BRDA:48,0,0,0
BRDA:48,0,1,0
BRDA:79,1,0,0
BRDA:79,1,1,0
BRDA:79,1,2,0
BRDA:95,2,0,0
BRDA:95,2,1,0
BRDA:96,3,0,0
BRDA:96,3,1,0
BRDA:97,4,0,0
BRDA:97,4,1,0
BRDA:110,5,0,0
BRDA:110,5,1,0
BRDA:111,6,0,0
BRDA:111,6,1,0
BRDA:118,7,0,0
BRDA:118,7,1,0
BRDA:119,8,0,0
BRDA:119,8,1,0
BRDA:158,9,0,0
BRDA:158,9,1,0
BRDA:159,10,0,0
BRDA:159,10,1,0
BRDA:170,11,0,0
BRDA:170,11,1,0
BRDA:179,12,0,0
BRDA:179,12,1,0
BRDA:182,13,0,0
BRDA:182,13,1,0
BRDA:187,14,0,0
BRDA:187,14,1,0
BRDA:268,15,0,0
BRDA:268,15,1,0
BRDA:275,16,0,0
BRDA:275,16,1,0
BRDA:284,17,0,0
BRDA:284,17,1,0
BRDA:291,18,0,0
BRDA:291,18,1,0
BRDA:300,19,0,0
BRDA:300,19,1,0
BRDA:307,20,0,0
BRDA:307,20,1,0
BRDA:361,21,0,0
BRDA:361,21,1,0
BRDA:365,22,0,0
BRDA:365,22,1,0
BRDA:473,23,0,0
BRDA:473,23,1,0
BRDA:475,24,0,0
BRDA:475,24,1,0
BRDA:485,25,0,0
BRDA:485,25,1,0
BRDA:523,26,0,0
BRDA:523,26,1,0
BRDA:525,27,0,0
BRDA:525,27,1,0
BRDA:536,28,0,0
BRDA:536,28,1,0
BRDA:540,29,0,0
BRDA:540,29,1,0
BRDA:562,30,0,0
BRDA:562,30,1,0
BRDA:564,31,0,0
BRDA:564,31,1,0
BRDA:595,32,0,0
BRDA:595,32,1,0
BRDA:597,33,0,0
BRDA:597,33,1,0
BRDA:640,34,0,0
BRDA:640,34,1,0
BRDA:642,35,0,0
BRDA:642,35,1,0
BRDA:674,36,0,0
BRDA:674,36,1,0
BRDA:680,37,0,0
BRDA:680,37,1,0
BRDA:697,38,0,0
BRDA:697,38,1,0
BRDA:697,38,2,0
BRDA:697,38,3,0
BRDA:697,38,4,0
BRDA:697,38,5,0
BRDA:697,38,6,0
BRDA:697,38,7,0
BRDA:697,38,8,0
BRF:86
BRH:0
end_of_record
TN:
SF:src/screens/journal/CheckInScreen.tsx
FN:12,(anonymous_0)
FN:18,(anonymous_1)
FN:36,(anonymous_2)
FN:53,(anonymous_3)
FN:62,(anonymous_4)
FN:79,(anonymous_5)
FN:85,(anonymous_6)
FN:90,(anonymous_7)
FN:109,(anonymous_8)
FN:172,(anonymous_9)
FNF:10
FNH:0
FNDA:0,(anonymous_0)
FNDA:0,(anonymous_1)
FNDA:0,(anonymous_2)
FNDA:0,(anonymous_3)
FNDA:0,(anonymous_4)
FNDA:0,(anonymous_5)
FNDA:0,(anonymous_6)
FNDA:0,(anonymous_7)
FNDA:0,(anonymous_8)
FNDA:0,(anonymous_9)
DA:12,0
DA:13,0
DA:14,0
DA:15,0
DA:18,0
DA:19,0
DA:20,0
DA:21,0
DA:22,0
DA:23,0
DA:24,0
DA:25,0
DA:26,0
DA:27,0
DA:28,0
DA:29,0
DA:30,0
DA:33,0
DA:34,0
DA:36,0
DA:37,0
DA:38,0
DA:53,0
DA:54,0
DA:55,0
DA:56,0
DA:58,0
DA:59,0
DA:62,0
DA:64,0
DA:66,0
DA:67,0
DA:68,0
DA:69,0
DA:71,0
DA:74,0
DA:79,0
DA:80,0
DA:81,0
DA:82,0
DA:85,0
DA:86,0
DA:87,0
DA:90,0
DA:91,0
DA:92,0
DA:93,0
DA:96,0
DA:97,0
DA:98,0
DA:101,0
DA:102,0
DA:103,0
DA:109,0
DA:110,0
DA:111,0
DA:112,0
DA:113,0
DA:114,0
DA:118,0
DA:119,0
DA:172,0
DA:183,0
DA:294,0
LF:64
LH:0
BRDA:13,0,0,0
BRDA:13,0,1,0
BRDA:14,1,0,0
BRDA:14,1,1,0
BRDA:14,2,0,0
BRDA:14,2,1,0
BRDA:58,3,0,0
BRDA:58,3,1,0
BRDA:64,4,0,0
BRDA:64,4,1,0
BRDA:67,5,0,0
BRDA:67,5,1,0
BRDA:67,6,0,0
BRDA:67,6,1,0
BRDA:69,7,0,0
BRDA:69,7,1,0
BRDA:69,8,0,0
BRDA:69,8,1,0
BRDA:69,8,2,0
BRDA:91,9,0,0
BRDA:91,9,1,0
BRDA:96,10,0,0
BRDA:96,10,1,0
BRDA:96,11,0,0
BRDA:96,11,1,0
BRDA:102,12,0,0
BRDA:102,12,1,0
BRDA:110,13,0,0
BRDA:110,13,1,0
BRDA:113,14,0,0
BRDA:113,14,1,0
BRDA:118,15,0,0
BRDA:118,15,1,0
BRDA:150,16,0,0
BRDA:150,16,1,0
BRDA:151,17,0,0
BRDA:151,17,1,0
BRDA:158,18,0,0
BRDA:158,18,1,0
BRDA:216,19,0,0
BRDA:216,19,1,0
BRDA:229,20,0,0
BRDA:229,20,1,0
BRDA:229,20,2,0
BRDA:249,21,0,0
BRDA:249,21,1,0
BRF:46
BRH:0
end_of_record
TN:
SF:src/screens/journal/EntryDetailScreen.tsx
FN:9,(anonymous_0)
FN:18,(anonymous_1)
FN:34,(anonymous_2)
FN:45,(anonymous_3)
FN:53,(anonymous_4)
FN:75,(anonymous_5)
FN:99,(anonymous_6)
FN:185,(anonymous_7)
FNF:8
FNH:0
FNDA:0,(anonymous_0)
FNDA:0,(anonymous_1)
FNDA:0,(anonymous_2)
FNDA:0,(anonymous_3)
FNDA:0,(anonymous_4)
FNDA:0,(anonymous_5)
FNDA:0,(anonymous_6)
FNDA:0,(anonymous_7)
DA:9,0
DA:10,0
DA:11,0
DA:12,0
DA:15,0
DA:16,0
DA:18,0
DA:19,0
DA:34,0
DA:36,0
DA:37,0
DA:45,0
DA:52,0
DA:53,0
DA:55,0
DA:56,0
DA:58,0
DA:59,0
DA:67,0
DA:75,0
DA:82,0
DA:99,0
DA:185,0
DA:186,0
DA:188,0
DA:189,0
DA:190,0
DA:191,0
DA:194,0
DA:195,0
DA:196,0
DA:197,0
DA:200,0
DA:201,0
DA:202,0
DA:203,0
DA:206,0
DA:207,0
DA:208,0
DA:209,0
DA:212,0
DA:213,0
DA:214,0
DA:215,0
DA:217,0
DA:221,0
LF:46
LH:0
BRDA:36,0,0,0
BRDA:36,0,1,0
BRDA:58,1,0,0
BRDA:58,1,1,0
BRDA:58,2,0,0
BRDA:58,2,1,0
BRDA:168,3,0,0
BRDA:168,3,1,0
BRDA:186,4,0,0
BRDA:186,4,1,0
BRDA:186,4,2,0
BRDA:186,4,3,0
BRDA:186,4,4,0
BRDA:186,4,5,0
BRDA:186,4,6,0
BRDA:186,4,7,0
BRDA:186,4,8,0
BRDA:186,4,9,0
BRDA:186,4,10,0
BRDA:186,4,11,0
BRDA:186,4,12,0
BRDA:186,4,13,0
BRDA:186,4,14,0
BRDA:186,4,15,0
BRDA:186,4,16,0
BRDA:186,4,17,0
BRDA:186,4,18,0
BRDA:186,4,19,0
BRDA:186,4,20,0
BRF:29
BRH:0
end_of_record
TN:
SF:src/screens/journal/JournalScreen.tsx
FN:23,(anonymous_0)
FN:33,(anonymous_1)
FN:37,(anonymous_2)
FN:48,(anonymous_3)
FN:53,(anonymous_4)
FN:54,(anonymous_5)
FN:67,(anonymous_6)
FN:71,(anonymous_7)
FN:74,(anonymous_8)
FN:86,(anonymous_9)
FN:109,(anonymous_10)
FN:114,(anonymous_11)
FN:118,(anonymous_12)
FN:119,(anonymous_13)
FN:125,(anonymous_14)
FN:139,(anonymous_15)
FN:147,(anonymous_16)
FN:150,(anonymous_17)
FN:186,(anonymous_18)
FN:195,(anonymous_19)
FN:202,(anonymous_20)
FN:209,(anonymous_21)
FN:225,(anonymous_22)
FN:232,(anonymous_23)
FN:239,(anonymous_24)
FN:251,(anonymous_25)
FN:263,(anonymous_26)
FN:277,(anonymous_27)
FN:302,(anonymous_28)
FN:315,(anonymous_29)
FNF:30
FNH:0
FNDA:0,(anonymous_0)
FNDA:0,(anonymous_1)
FNDA:0,(anonymous_2)
FNDA:0,(anonymous_3)
FNDA:0,(anonymous_4)
FNDA:0,(anonymous_5)
FNDA:0,(anonymous_6)
FNDA:0,(anonymous_7)
FNDA:0,(anonymous_8)
FNDA:0,(anonymous_9)
FNDA:0,(anonymous_10)
FNDA:0,(anonymous_11)
FNDA:0,(anonymous_12)
FNDA:0,(anonymous_13)
FNDA:0,(anonymous_14)
FNDA:0,(anonymous_15)
FNDA:0,(anonymous_16)
FNDA:0,(anonymous_17)
FNDA:0,(anonymous_18)
FNDA:0,(anonymous_19)
FNDA:0,(anonymous_20)
FNDA:0,(anonymous_21)
FNDA:0,(anonymous_22)
FNDA:0,(anonymous_23)
FNDA:0,(anonymous_24)
FNDA:0,(anonymous_25)
FNDA:0,(anonymous_26)
FNDA:0,(anonymous_27)
FNDA:0,(anonymous_28)
FNDA:0,(anonymous_29)
DA:21,0
DA:23,0
DA:24,0
DA:25,0
DA:26,0
DA:27,0
DA:28,0
DA:29,0
DA:30,0
DA:33,0
DA:34,0
DA:35,0
DA:37,0
DA:38,0
DA:39,0
DA:40,0
DA:42,0
DA:43,0
DA:46,0
DA:48,0
DA:53,0
DA:54,0
DA:55,0
DA:56,0
DA:60,0
DA:63,0
DA:66,0
DA:67,0
DA:71,0
DA:72,0
DA:74,0
DA:75,0
DA:76,0
DA:77,0
DA:79,0
DA:82,0
DA:86,0
DA:87,0
DA:88,0
DA:91,0
DA:92,0
DA:94,0
DA:95,0
DA:98,0
DA:99,0
DA:100,0
DA:101,0
DA:102,0
DA:105,0
DA:109,0
DA:110,0
DA:114,0
DA:115,0
DA:116,0
DA:118,0
DA:119,0
DA:120,0
DA:125,0
DA:126,0
DA:127,0
DA:129,0
DA:139,0
DA:140,0
DA:142,0
DA:148,0
DA:150,0
DA:186,0
DA:187,0
DA:195,0
DA:203,0
DA:209,0
DA:225,0
DA:233,0
DA:239,0
DA:251,0
DA:252,0
DA:254,0
DA:263,0
DA:264,0
DA:277,0
DA:285,0
DA:302,0
DA:315,0
DA:331,0
LF:84
LH:0
BRDA:56,0,0,0
BRDA:56,0,1,0
BRDA:56,0,2,0
BRDA:58,1,0,0
BRDA:58,1,1,0
BRDA:60,2,0,0
BRDA:60,2,1,0
BRDA:63,3,0,0
BRDA:63,3,1,0
BRDA:66,4,0,0
BRDA:66,4,1,0
BRDA:66,4,2,0
BRDA:76,5,0,0
BRDA:76,5,1,0
BRDA:98,6,0,0
BRDA:98,6,1,0
BRDA:115,7,0,0
BRDA:115,7,1,0
BRDA:127,8,0,0
BRDA:127,8,1,0
BRDA:193,9,0,0
BRDA:193,9,1,0
BRDA:197,10,0,0
BRDA:197,10,1,0
BRDA:207,11,0,0
BRDA:207,11,1,0
BRDA:211,12,0,0
BRDA:211,12,1,0
BRDA:223,13,0,0
BRDA:223,13,1,0
BRDA:227,14,0,0
BRDA:227,14,1,0
BRDA:237,15,0,0
BRDA:237,15,1,0
BRDA:241,16,0,0
BRDA:241,16,1,0
BRDA:252,17,0,0
BRDA:252,17,1,0
BRDA:270,18,0,0
BRDA:270,18,1,0
BRDA:270,19,0,0
BRDA:270,19,1,0
BRDA:270,19,2,0
BRDA:274,20,0,0
BRDA:274,20,1,0
BRDA:274,20,2,0
BRDA:274,20,3,0
BRDA:308,21,0,0
BRDA:308,21,1,0
BRDA:311,22,0,0
BRDA:311,22,1,0
BRF:51
BRH:0
end_of_record
TN:
SF:src/screens/notifications/NotificationsScreen.tsx
FN:11,(anonymous_0)
FN:27,(anonymous_1)
FN:31,(anonymous_2)
FN:36,(anonymous_3)
FN:41,(anonymous_4)
FN:46,(anonymous_5)
FN:74,(anonymous_6)
FN:83,(anonymous_7)
FN:98,(anonymous_8)
FN:117,(anonymous_9)
FN:119,(anonymous_10)
FN:130,(anonymous_11)
FN:133,(anonymous_12)
FN:139,(anonymous_13)
FNF:14
FNH:0
FNDA:0,(anonymous_0)
FNDA:0,(anonymous_1)
FNDA:0,(anonymous_2)
FNDA:0,(anonymous_3)
FNDA:0,(anonymous_4)
FNDA:0,(anonymous_5)
FNDA:0,(anonymous_6)
FNDA:0,(anonymous_7)
FNDA:0,(anonymous_8)
FNDA:0,(anonymous_9)
FNDA:0,(anonymous_10)
FNDA:0,(anonymous_11)
FNDA:0,(anonymous_12)
FNDA:0,(anonymous_13)
DA:11,0
DA:12,0
DA:16,0
DA:17,0
DA:24,0
DA:27,0
DA:28,0
DA:29,0
DA:31,0
DA:32,0
DA:33,0
DA:36,0
DA:37,0
DA:38,0
DA:41,0
DA:42,0
DA:43,0
DA:46,0
DA:51,0
DA:57,0
DA:63,0
DA:74,0
DA:83,0
DA:84,0
DA:86,0
DA:88,0
DA:90,0
DA:92,0
DA:94,0
DA:98,0
DA:99,0
DA:101,0
DA:103,0
DA:105,0
DA:107,0
DA:109,0
DA:113,0
DA:117,0
DA:119,0
DA:131,0
DA:134,0
DA:139,0
DA:207,0
LF:43
LH:0
BRDA:16,0,0,0
BRDA:16,0,1,0
BRDA:84,1,0,0
BRDA:84,1,1,0
BRDA:84,1,2,0
BRDA:84,1,3,0
BRDA:84,1,4,0
BRDA:99,2,0,0
BRDA:99,2,1,0
BRDA:99,2,2,0
BRDA:99,2,3,0
BRDA:99,2,4,0
BRDA:119,3,0,0
BRDA:119,3,1,0
BRDA:129,4,0,0
BRDA:129,4,1,0
BRF:16
BRH:0
end_of_record
TN:
SF:src/screens/onboarding/OnboardingScreen.tsx
FN:21,(anonymous_0)
FN:27,(anonymous_1)
FN:59,(anonymous_2)
FN:72,(anonymous_3)
FN:81,(anonymous_4)
FN:92,(anonymous_5)
FN:96,(anonymous_6)
FN:103,(anonymous_7)
FNF:8
FNH:0
FNDA:0,(anonymous_0)
FNDA:0,(anonymous_1)
FNDA:0,(anonymous_2)
FNDA:0,(anonymous_3)
FNDA:0,(anonymous_4)
FNDA:0,(anonymous_5)
FNDA:0,(anonymous_6)
FNDA:0,(anonymous_7)
DA:19,0
DA:21,0
DA:22,0
DA:23,0
DA:25,0
DA:27,0
DA:29,0
DA:31,0
DA:32,0
DA:34,0
DA:39,0
DA:40,0
DA:42,0
DA:45,0
DA:50,0
DA:52,0
DA:53,0
DA:60,0
DA:66,0
DA:67,0
DA:72,0
DA:73,0
DA:81,0
DA:82,0
DA:92,0
DA:93,0
DA:96,0
DA:103,0
DA:104,0
DA:113,0
DA:168,0
LF:31
LH:0
BRDA:31,0,0,0
BRDA:31,0,1,0
BRDA:39,1,0,0
BRDA:39,1,1,0
BRDA:86,2,0,0
BRDA:86,2,1,0
BRDA:97,3,0,0
BRDA:97,3,1,0
BRDA:108,4,0,0
BRDA:108,4,1,0
BRF:10
BRH:0
end_of_record
TN:
SF:src/screens/settings/ProfileScreen.tsx
FN:8,(anonymous_0)
FN:14,(anonymous_1)
FN:22,(anonymous_2)
FN:86,(anonymous_3)
FN:92,(anonymous_4)
FN:100,(anonymous_5)
FNF:6
FNH:1
FNDA:4,(anonymous_0)
FNDA:0,(anonymous_1)
FNDA:0,(anonymous_2)
FNDA:0,(anonymous_3)
FNDA:0,(anonymous_4)
FNDA:0,(anonymous_5)
DA:8,1
DA:9,4
DA:10,4
DA:11,4
DA:12,4
DA:14,4
DA:15,0
DA:16,0
DA:18,0
DA:22,4
DA:23,0
DA:24,0
DA:25,0
DA:32,4
DA:86,0
DA:92,0
DA:100,0
DA:153,1
LF:18
LH:9
BRDA:23,0,0,0
BRDA:23,0,1,0
BRDA:43,1,0,4
BRDA:43,1,1,1
BRDA:43,1,2,1
BRDA:58,2,0,0
BRDA:58,2,1,4
BRDA:68,3,0,4
BRDA:68,3,1,0
BRDA:82,4,0,0
BRDA:82,4,1,4
BRF:11
BRH:6
end_of_record
TN:
SF:src/screens/settings/SettingsScreen.tsx
FN:10,(anonymous_0)
FN:18,(anonymous_1)
FN:29,(anonymous_2)
FN:33,(anonymous_3)
FN:42,(anonymous_4)
FN:51,(anonymous_5)
FN:82,(anonymous_6)
FNF:7
FNH:1
FNDA:15,(anonymous_0)
FNDA:0,(anonymous_1)
FNDA:0,(anonymous_2)
FNDA:0,(anonymous_3)
FNDA:0,(anonymous_4)
FNDA:0,(anonymous_5)
FNDA:0,(anonymous_6)
DA:10,1
DA:11,15
DA:12,15
DA:13,15
DA:14,15
DA:15,15
DA:16,15
DA:18,15
DA:19,0
DA:20,0
DA:21,0
DA:25,0
DA:29,15
DA:30,0
DA:31,0
DA:33,0
DA:34,0
DA:36,0
DA:38,0
DA:42,15
DA:43,0
DA:52,0
DA:53,0
DA:54,0
DA:65,15
DA:82,0
DA:177,1
LF:27
LH:12
BRF:0
BRH:0
end_of_record
TN:
SF:src/services/BadgeService.ts
FN:65,(anonymous_0)
FN:113,(anonymous_1)
FN:246,(anonymous_2)
FN:279,(anonymous_3)
FN:338,(anonymous_4)
FN:346,(anonymous_5)
FN:387,(anonymous_6)
FN:390,(anonymous_7)
FN:400,(anonymous_8)
FN:460,(anonymous_9)
FN:470,(anonymous_10)
FN:473,(anonymous_11)
FN:483,(anonymous_12)
FNF:13
FNH:9
FNDA:3,(anonymous_0)
FNDA:3,(anonymous_1)
FNDA:0,(anonymous_2)
FNDA:3,(anonymous_3)
FNDA:4,(anonymous_4)
FNDA:14,(anonymous_5)
FNDA:2,(anonymous_6)
FNDA:1,(anonymous_7)
FNDA:0,(anonymous_8)
FNDA:0,(anonymous_9)
FNDA:2,(anonymous_10)
FNDA:1,(anonymous_11)
FNDA:0,(anonymous_12)
DA:16,2
DA:66,3
DA:67,3
DA:70,3
DA:76,3
DA:77,1
DA:78,1
DA:81,2
DA:83,1
DA:85,1
DA:98,1
DA:99,0
DA:100,0
DA:103,1
DA:105,1
DA:108,0
DA:114,3
DA:115,3
DA:118,3
DA:123,2
DA:124,0
DA:125,2
DA:126,1
DA:129,1
DA:133,1
DA:134,0
DA:136,1
DA:139,1
DA:143,1
DA:146,1
DA:149,1
DA:150,1
DA:151,4
DA:152,4
DA:153,4
DA:164,4
DA:165,0
DA:167,4
DA:172,1
DA:173,1
DA:174,3
DA:175,18
DA:176,18
DA:177,18
DA:188,18
DA:189,0
DA:191,18
DA:197,1
DA:198,1
DA:199,3
DA:200,3
DA:202,3
DA:204,0
DA:205,0
DA:207,0
DA:208,0
DA:210,0
DA:211,0
DA:213,3
DA:216,3
DA:217,3
DA:228,3
DA:229,0
DA:231,3
DA:236,1
DA:240,1
DA:241,0
DA:243,1
DA:246,1
DA:247,1
DA:248,0
DA:250,1
DA:253,1
DA:264,1
DA:265,0
DA:267,1
DA:272,1
DA:274,1
DA:280,3
DA:281,3
DA:284,3
DA:289,2
DA:290,0
DA:293,2
DA:294,1
DA:297,1
DA:299,1
DA:300,0
DA:302,1
DA:305,1
DA:309,2
DA:314,2
DA:315,0
DA:318,2
DA:319,1
DA:322,1
DA:324,1
DA:325,0
DA:327,1
DA:330,1
DA:333,1
DA:339,4
DA:340,4
DA:341,1
DA:342,1
DA:346,3
DA:347,14
DA:348,14
DA:351,1
DA:356,3
DA:357,3
DA:358,3
DA:359,3
DA:360,3
DA:361,3
DA:362,3
DA:365,3
DA:366,3
DA:367,3
DA:368,3
DA:369,3
DA:370,3
DA:371,3
DA:374,3
DA:375,3
DA:376,3
DA:377,3
DA:378,3
DA:379,3
DA:380,3
DA:382,0
DA:388,2
DA:389,2
DA:390,2
DA:392,1
DA:395,0
DA:401,0
DA:402,0
DA:405,0
DA:408,0
DA:409,0
DA:410,0
DA:413,0
DA:419,0
DA:420,0
DA:421,0
DA:422,0
DA:425,0
DA:432,0
DA:433,0
DA:436,0
DA:437,0
DA:440,0
DA:446,0
DA:447,0
DA:448,0
DA:450,0
DA:453,0
DA:460,0
DA:462,0
DA:465,0
DA:471,2
DA:472,2
DA:473,2
DA:475,1
DA:478,0
DA:483,2
DA:484,0
LF:168
LH:118
BRDA:76,0,0,1
BRDA:76,0,1,2
BRDA:81,1,0,1
BRDA:81,1,1,1
BRDA:98,2,0,0
BRDA:98,2,1,1
BRDA:103,3,0,1
BRDA:103,3,1,0
BRDA:123,4,0,0
BRDA:123,4,1,2
BRDA:125,5,0,1
BRDA:125,5,1,1
BRDA:125,6,0,2
BRDA:125,6,1,2
BRDA:133,7,0,0
BRDA:133,7,1,1
BRDA:164,8,0,0
BRDA:164,8,1,4
BRDA:188,9,0,0
BRDA:188,9,1,18
BRDA:202,10,0,0
BRDA:202,10,1,0
BRDA:202,10,2,0
BRDA:202,10,3,3
BRDA:228,11,0,0
BRDA:228,11,1,3
BRDA:240,12,0,0
BRDA:240,12,1,1
BRDA:243,13,0,1
BRDA:243,13,1,1
BRDA:247,14,0,0
BRDA:247,14,1,1
BRDA:264,15,0,0
BRDA:264,15,1,1
BRDA:289,16,0,0
BRDA:289,16,1,2
BRDA:289,17,0,2
BRDA:289,17,1,1
BRDA:293,18,0,1
BRDA:293,18,1,1
BRDA:293,19,0,2
BRDA:293,19,1,1
BRDA:299,20,0,0
BRDA:299,20,1,1
BRDA:314,21,0,0
BRDA:314,21,1,2
BRDA:314,22,0,2
BRDA:314,22,1,1
BRDA:318,23,0,1
BRDA:318,23,1,1
BRDA:318,24,0,2
BRDA:318,24,1,1
BRDA:324,25,0,0
BRDA:324,25,1,1
BRDA:340,26,0,1
BRDA:340,26,1,3
BRDA:356,27,0,3
BRDA:356,27,1,0
BRDA:357,28,0,3
BRDA:357,28,1,0
BRDA:358,29,0,3
BRDA:358,29,1,0
BRDA:359,30,0,2
BRDA:359,30,1,1
BRDA:360,31,0,1
BRDA:360,31,1,2
BRDA:361,32,0,0
BRDA:361,32,1,3
BRDA:362,33,0,0
BRDA:362,33,1,3
BRDA:365,34,0,3
BRDA:365,34,1,2
BRDA:366,35,0,1
BRDA:366,35,1,2
BRDA:367,36,0,1
BRDA:367,36,1,2
BRDA:368,37,0,1
BRDA:368,37,1,2
BRDA:369,38,0,0
BRDA:369,38,1,3
BRDA:370,39,0,0
BRDA:370,39,1,3
BRDA:371,40,0,0
BRDA:371,40,1,3
BRDA:374,41,0,3
BRDA:374,41,1,2
BRDA:375,42,0,1
BRDA:375,42,1,2
BRDA:376,43,0,1
BRDA:376,43,1,2
BRDA:377,44,0,0
BRDA:377,44,1,3
BRDA:378,45,0,0
BRDA:378,45,1,3
BRDA:379,46,0,0
BRDA:379,46,1,3
BRDA:380,47,0,0
BRDA:380,47,1,3
BRDA:409,48,0,0
BRDA:409,48,1,0
BRDA:409,49,0,0
BRDA:409,49,1,0
BRDA:419,50,0,0
BRDA:419,50,1,0
BRDA:421,51,0,0
BRDA:421,51,1,0
BRDA:432,52,0,0
BRDA:432,52,1,0
BRDA:432,53,0,0
BRDA:432,53,1,0
BRDA:436,54,0,0
BRDA:436,54,1,0
BRDA:446,55,0,0
BRDA:446,55,1,0
BRDA:447,56,0,0
BRDA:447,56,1,0
BRF:116
BRH:69
end_of_record
TN:
SF:src/types/database.types.ts
FNF:0
FNH:0
LF:0
LH:0
BRF:0
BRH:0
end_of_record
TN:
SF:src/types/index.ts
FNF:0
FNH:0
LF:0
LH:0
BRF:0
BRH:0
end_of_record
TN:
SF:src/types/navigation.ts
FNF:0
FNH:0
LF:0
LH:0
BRF:0
BRH:0
end_of_record
TN:
SF:src/utils/ai.ts
FN:3,generateInsights
FNF:1
FNH:1
FNDA:5,generateInsights
DA:6,5
LF:1
LH:1
BRF:0
BRH:0
end_of_record
TN:
SF:src/utils/authUtils.ts
FN:8,(anonymous_0)
FN:24,(anonymous_1)
FNF:2
FNH:2
FNDA:4,(anonymous_0)
FNDA:6,(anonymous_1)
DA:8,1
DA:9,4
DA:11,4
DA:12,2
DA:14,2
DA:15,2
DA:24,1
DA:25,6
DA:26,6
DA:29,6
DA:30,6
DA:33,6
DA:34,6
DA:36,5
DA:37,1
DA:38,1
DA:41,1
DA:46,1
DA:47,4
DA:48,4
DA:51,1
DA:55,5
DA:56,5
DA:57,5
DA:62,4
DA:63,1
DA:64,1
DA:65,1
DA:66,3
DA:67,3
DA:70,1
DA:74,4
DA:75,4
DA:76,4
DA:78,3
DA:79,2
DA:80,2
DA:82,2
DA:83,2
DA:85,2
DA:86,1
DA:87,1
DA:90,1
DA:93,1
DA:97,3
DA:98,3
DA:99,3
DA:101,2
DA:102,1
DA:103,1
DA:105,1
DA:106,1
DA:108,1
DA:109,1
DA:110,1
DA:112,1
DA:113,1
DA:116,1
DA:119,2
DA:120,2
DA:122,0
DA:123,0
LF:62
LH:60
BRDA:36,0,0,1
BRDA:36,0,1,4
BRDA:36,1,0,5
BRDA:36,1,1,1
BRDA:47,2,0,4
BRDA:47,2,1,0
BRDA:62,3,0,1
BRDA:62,3,1,3
BRDA:62,4,0,4
BRDA:62,4,1,1
BRDA:66,5,0,3
BRDA:66,5,1,0
BRDA:78,6,0,2
BRDA:78,6,1,1
BRDA:85,7,0,1
BRDA:85,7,1,1
BRDA:101,8,0,1
BRDA:101,8,1,1
BRDA:101,9,0,2
BRDA:101,9,1,1
BRDA:108,10,0,1
BRDA:108,10,1,0
BRDA:112,11,0,1
BRDA:112,11,1,0
BRF:24
BRH:20
end_of_record
TN:
SF:src/utils/cryptoPolyfill.ts
FNF:0
FNH:0
DA:8,6
DA:10,1
DA:14,6
DA:16,5
LF:4
LH:4
BRDA:8,0,0,1
BRDA:8,0,1,5
BRDA:14,1,0,5
BRDA:14,1,1,1
BRF:4
BRH:4
end_of_record
TN:
SF:src/utils/dateTime.ts
FN:5,(anonymous_0)
FN:17,(anonymous_1)
FN:21,(anonymous_2)
FN:30,(anonymous_3)
FNF:4
FNH:4
FNDA:10,(anonymous_0)
FNDA:3,(anonymous_1)
FNDA:1,(anonymous_2)
FNDA:4,(anonymous_3)
DA:5,2
DA:6,10
DA:8,10
DA:9,3
DA:10,7
DA:11,3
DA:13,4
DA:17,2
DA:18,3
DA:21,2
DA:22,1
DA:30,2
DA:31,4
LF:13
LH:13
BRDA:8,0,0,3
BRDA:8,0,1,7
BRDA:8,1,0,10
BRDA:8,1,1,8
BRDA:10,2,0,3
BRDA:10,2,1,4
BRDA:10,3,0,7
BRDA:10,3,1,5
BRDA:32,4,0,4
BRDA:32,4,1,3
BRDA:32,4,2,2
BRF:11
BRH:11
end_of_record
TN:
SF:src/utils/debugUtils.ts
FN:9,logAppStartupInfo
FNF:1
FNH:1
FNDA:6,logAppStartupInfo
DA:10,6
DA:12,6
DA:13,6
DA:15,6
DA:16,4
DA:17,4
DA:18,4
DA:19,4
DA:22,4
DA:23,4
DA:24,4
DA:27,4
DA:29,1
DA:31,3
DA:35,2
DA:36,2
LF:16
LH:16
BRDA:18,0,0,4
BRDA:18,0,1,4
BRDA:24,1,0,1
BRDA:24,1,1,3
BRDA:27,2,0,1
BRDA:27,2,1,3
BRDA:27,3,0,4
BRDA:27,3,1,4
BRDA:29,4,0,1
BRDA:29,4,1,0
BRDA:35,5,0,1
BRDA:35,5,1,1
BRF:12
BRH:11
end_of_record
TN:
SF:src/utils/insightAnalyzer.ts
FN:55,(anonymous_0)
FN:62,(anonymous_1)
FN:69,(anonymous_2)
FN:72,(anonymous_3)
FN:77,(anonymous_4)
FN:89,(anonymous_5)
FN:90,(anonymous_6)
FN:115,(anonymous_7)
FN:123,(anonymous_8)
FN:126,(anonymous_9)
FN:132,(anonymous_10)
FN:133,(anonymous_11)
FN:155,(anonymous_12)
FN:184,(anonymous_13)
FN:190,(anonymous_14)
FN:198,(anonymous_15)
FN:282,(anonymous_16)
FN:291,(anonymous_17)
FN:296,(anonymous_18)
FN:301,(anonymous_19)
FN:312,(anonymous_20)
FN:340,(anonymous_21)
FN:347,(anonymous_22)
FN:354,(anonymous_23)
FN:375,(anonymous_24)
FN:381,(anonymous_25)
FN:386,(anonymous_26)
FN:400,(anonymous_27)
FN:407,(anonymous_28)
FN:422,(anonymous_29)
FNF:30
FNH:29
FNDA:3,(anonymous_0)
FNDA:5,(anonymous_1)
FNDA:30,(anonymous_2)
FNDA:22,(anonymous_3)
FNDA:4,(anonymous_4)
FNDA:18,(anonymous_5)
FNDA:18,(anonymous_6)
FNDA:3,(anonymous_7)
FNDA:2,(anonymous_8)
FNDA:1,(anonymous_9)
FNDA:0,(anonymous_10)
FNDA:1,(anonymous_11)
FNDA:6,(anonymous_12)
FNDA:4,(anonymous_13)
FNDA:9,(anonymous_14)
FNDA:6,(anonymous_15)
FNDA:3,(anonymous_16)
FNDA:24,(anonymous_17)
FNDA:8,(anonymous_18)
FNDA:64,(anonymous_19)
FNDA:24,(anonymous_20)
FNDA:4,(anonymous_21)
FNDA:3,(anonymous_22)
FNDA:8,(anonymous_23)
FNDA:8,(anonymous_24)
FNDA:5,(anonymous_25)
FNDA:5,(anonymous_26)
FNDA:5,(anonymous_27)
FNDA:4,(anonymous_28)
FNDA:8,(anonymous_29)
DA:55,1
DA:60,3
DA:62,3
DA:63,5
DA:66,5
DA:69,30
DA:72,5
DA:73,22
DA:74,18
DA:77,22
DA:78,22
DA:79,4
DA:81,18
DA:87,3
DA:89,3
DA:90,18
DA:91,18
DA:92,3
DA:93,3
DA:94,3
DA:109,3
DA:110,2
DA:114,1
DA:115,3
DA:123,1
DA:125,2
DA:126,2
DA:127,1
DA:131,2
DA:132,0
DA:133,1
DA:136,2
DA:141,2
DA:153,2
DA:155,2
DA:156,6
DA:157,6
DA:160,6
DA:163,6
DA:165,6
DA:166,8
DA:178,2
DA:184,1
DA:189,4
DA:190,4
DA:191,9
DA:195,4
DA:196,4
DA:198,4
DA:199,6
DA:200,4
DA:201,4
DA:206,4
DA:208,4
DA:212,2
DA:224,2
DA:227,1
DA:239,1
DA:241,1
DA:253,1
DA:255,0
DA:270,4
DA:276,4
DA:282,1
DA:287,3
DA:288,3
DA:291,3
DA:292,24
DA:296,3
DA:297,8
DA:299,8
DA:301,8
DA:302,64
DA:303,10
DA:304,10
DA:310,3
DA:312,3
DA:313,24
DA:314,4
DA:315,4
DA:317,4
DA:318,4
DA:319,2
DA:320,2
DA:321,1
DA:322,1
DA:323,0
DA:324,1
DA:325,0
DA:327,1
DA:330,4
DA:339,3
DA:340,4
DA:347,1
DA:352,3
DA:354,3
DA:355,8
DA:356,8
DA:357,4
DA:360,8
DA:364,3
DA:365,3
DA:366,3
DA:370,3
DA:372,3
DA:373,0
DA:375,3
DA:376,8
DA:381,5
DA:384,3
DA:386,3
DA:387,5
DA:388,5
DA:389,5
DA:399,3
DA:400,5
DA:407,1
DA:408,4
DA:409,1
DA:416,3
DA:417,3
DA:419,3
DA:420,3
DA:422,3
DA:423,8
DA:424,3
DA:425,5
DA:426,3
DA:430,3
DA:431,3
DA:434,2
DA:437,2
DA:438,2
DA:439,0
DA:440,2
DA:441,1
DA:442,1
DA:443,0
DA:444,1
DA:445,1
DA:447,0
DA:450,2
LF:142
LH:134
BRDA:63,0,0,0
BRDA:63,0,1,5
BRDA:73,1,0,18
BRDA:73,1,1,4
BRDA:78,2,0,4
BRDA:78,2,1,18
BRDA:91,3,0,3
BRDA:91,3,1,15
BRDA:93,4,0,3
BRDA:93,4,1,0
BRDA:109,5,0,2
BRDA:109,5,1,1
BRDA:127,6,0,1
BRDA:127,6,1,1
BRDA:136,7,0,0
BRDA:136,7,1,2
BRDA:157,8,0,0
BRDA:157,8,1,6
BRDA:160,9,0,6
BRDA:160,9,1,0
BRDA:163,10,0,2
BRDA:163,10,1,4
BRDA:165,11,0,14
BRDA:165,11,1,8
BRDA:191,12,0,9
BRDA:191,12,1,6
BRDA:199,13,0,4
BRDA:199,13,1,2
BRDA:208,14,0,2
BRDA:208,14,1,2
BRDA:208,14,2,2
BRDA:208,14,3,1
BRDA:208,14,4,1
BRDA:208,14,5,1
BRDA:208,14,6,0
BRDA:297,15,0,0
BRDA:297,15,1,8
BRDA:302,16,0,10
BRDA:302,16,1,54
BRDA:313,17,0,4
BRDA:313,17,1,20
BRDA:318,18,0,2
BRDA:318,18,1,2
BRDA:320,19,0,1
BRDA:320,19,1,1
BRDA:322,20,0,0
BRDA:322,20,1,1
BRDA:324,21,0,0
BRDA:324,21,1,1
BRDA:356,22,0,4
BRDA:356,22,1,4
BRDA:360,23,0,8
BRDA:360,23,1,7
BRDA:372,24,0,0
BRDA:372,24,1,3
BRDA:372,25,0,3
BRDA:372,25,1,0
BRDA:376,26,0,8
BRDA:376,26,1,5
BRDA:388,27,0,5
BRDA:388,27,1,0
BRDA:408,28,0,1
BRDA:408,28,1,3
BRDA:423,29,0,3
BRDA:423,29,1,5
BRDA:425,30,0,3
BRDA:425,30,1,2
BRDA:431,31,0,1
BRDA:431,31,1,2
BRDA:438,32,0,0
BRDA:438,32,1,2
BRDA:440,33,0,1
BRDA:440,33,1,1
BRDA:442,34,0,0
BRDA:442,34,1,1
BRDA:444,35,0,1
BRDA:444,35,1,0
BRF:77
BRH:62
end_of_record
TN:
SF:src/utils/streakCalculator.ts
FN:10,(anonymous_0)
FN:26,(anonymous_1)
FN:42,(anonymous_2)
FN:60,(anonymous_3)
FN:64,(anonymous_4)
FNF:5
FNH:5
FNDA:5,(anonymous_0)
FNDA:2,(anonymous_1)
FNDA:6,(anonymous_2)
FNDA:5,(anonymous_3)
FNDA:7,(anonymous_4)
DA:10,1
DA:11,5
DA:13,3
DA:16,3
DA:17,3
DA:18,3
DA:21,3
DA:23,3
DA:26,2
DA:28,2
DA:29,2
DA:30,2
DA:35,2
DA:38,2
DA:42,6
DA:44,2
DA:47,1
DA:50,2
DA:60,1
DA:61,5
DA:64,7
DA:67,4
DA:69,4
DA:70,6
DA:71,6
DA:74,6
DA:75,6
DA:78,6
DA:79,5
DA:82,1
DA:86,4
LF:31
LH:31
BRDA:11,0,0,2
BRDA:11,0,1,3
BRDA:16,1,0,2
BRDA:16,1,1,1
BRDA:17,2,0,1
BRDA:17,2,1,2
BRDA:18,3,0,1
BRDA:18,3,1,2
BRDA:23,4,0,1
BRDA:23,4,1,2
BRDA:30,5,0,2
BRDA:30,5,1,2
BRDA:30,5,2,2
BRDA:39,6,0,2
BRDA:39,6,1,0
BRDA:40,7,0,1
BRDA:40,7,1,1
BRDA:41,8,0,1
BRDA:41,8,1,1
BRDA:44,9,0,1
BRDA:44,9,1,1
BRDA:61,10,0,1
BRDA:61,10,1,4
BRDA:61,11,0,5
BRDA:61,11,1,5
BRDA:78,12,0,5
BRDA:78,12,1,1
BRF:27
BRH:26
end_of_record
TN:
SF:src/utils/testUtils.ts
FN:41,(anonymous_0)
FN:42,(anonymous_1)
FN:44,(anonymous_2)
FN:57,(anonymous_3)
FN:59,(anonymous_4)
FN:78,(anonymous_5)
FN:122,(anonymous_6)
FN:161,(anonymous_7)
FN:161,(anonymous_8)
FNF:9
FNH:9
FNDA:7,(anonymous_0)
FNDA:1,(anonymous_1)
FNDA:2,(anonymous_2)
FNDA:4,(anonymous_3)
FNDA:1,(anonymous_4)
FNDA:1,(anonymous_5)
FNDA:1,(anonymous_6)
FNDA:1,(anonymous_7)
FNDA:1,(anonymous_8)
DA:23,1
DA:41,1
DA:42,7
DA:43,1
DA:45,2
DA:57,1
DA:58,4
DA:59,4
DA:60,1
DA:67,1
DA:72,1
DA:78,1
DA:79,1
DA:122,1
DA:123,1
DA:128,1
DA:149,1
DA:161,1
LF:18
LH:18
BRDA:41,0,0,1
BRDA:57,1,0,1
BRF:2
BRH:2
end_of_record
TN:
SF:src/utils/testUtils.tsx
FN:18,(anonymous_0)
FN:47,(anonymous_1)
FN:58,(anonymous_2)
FN:143,(anonymous_3)
FN:182,(anonymous_4)
FN:182,(anonymous_5)
FNF:6
FNH:0
FNDA:0,(anonymous_0)
FNDA:0,(anonymous_1)
FNDA:0,(anonymous_2)
FNDA:0,(anonymous_3)
FNDA:0,(anonymous_4)
FNDA:0,(anonymous_5)
DA:18,0
DA:19,0
DA:47,0
DA:51,0
DA:58,0
DA:59,0
DA:143,0
DA:144,0
DA:149,0
DA:170,0
DA:182,0
DA:187,0
LF:12
LH:0
BRF:0
BRH:0
end_of_record
